;2018-04-27 (금) 13:09:56
5
7
8
9
10
11
12
13
14
15
17
18
19
21
28
29
30
31
32
33
35
36
37
38
39
40
41
42
43
44
45
46
50
51
53
54
59
61
62
66
67
68
70
71
72
73
74
75
76
77
78
79
80
81
97
102
103
104
105
108
109
110
112
113
115
116
117
118
119
120
121
122
123
124
126
127
128
129
130
131
132
133
134
135
136
137
138
139
140
141
142
143
144
145
146
147
148
149
150
151
152
153
154
155
156
157
158
159
160
161
162
163
164
165
166
167
168
169
171
172
173
174
175
176
177
178
179
180
181
182
183
184
185
186
187
188
189
190
191
192
193
194
195
196
197
198
199
200
201
202
203
204
205
206
207
208
209
210
212
213
217
218
219
220
221
222
223
224
225
226
227
228
229
230
231
232
233
234
238
239
240
242
243
244
245
246
247
248
252
254
255
257
258
259
260
277
282
283
284
285
286
287
288
289
290
291
292
293
294
295
296
297
298
299
300
302
303
304
306
309
313
318
321
324
328
331
332
333
336
337
338
339
344
345
346
347
348
349
350
351
352
353
356
357
358
359
361
362
365
366
367
368
369
370
371
372
373
374
375
376
378
379
380
381
382
383
384
387
388
389
392
396
397
398
399
409
410
411
412
413
414
415
417
418
421
424
426
427
429
434
439
440
441
442
443
445
446
447
451
455
457
458
459
461
462
463
464
465
466
467
468
469
470
473
475
480
484
485
487
488
489
490
492
493
494
496
497
498
499
500
501
502
503
504
505
506
507
511
512
514
515
523
524
525
526
537
538
542
547
548
549
550
551
552
553
554
555
556
557
560
561
569
570
571
574
577
578
580
581
583
599
602
603
604
605
606
610
611
612
613
614
615
616
617
618
619
620
622
625
626
627
628
630
631
633
634
637
642
646
647
648
649
662
664
665
666
705
706
707
708
709
714
736
737
738
739
740
741
742
743
744
745
746
747
748
749
750
779
780
781
788
789
790
791
792
793
794
797
798
799
801
802
803
804
805
806
807
810
811
812
813
814
815
816
817
840
841
845
887
888
889
890
906
910
911
939
961
962
963
964
968
969
970
985
1006
1056
1057
1058
1059
1060
1061
1080
1086
1087
1088
1089
1090
1091
1092
1093
1099
1105
1108
1109
1115
1116
1117
1118
1121
1122
1123
1124
1125
1129
1131
1133
1137
1145
1146
1155
1156
1157
1158
1160
1161
1162
1163
1164
1165
1167
1168
1169
1170
1171
1178
1179
1181
1182
1183
1184
1186
1187
1188
1191
1192
1195
1200
1203
1204
1205
1207
1208
1209
1211
1212
1213
1214
1223
1224
1226
1229
1232
1233
1234
1236
1237
1240
1242
1247
1248
1249
1250
1251
1252
1253
1255
1259
1260
1261
1262
1263
1265
1266
1267
1268
1269
1270
1271
1273
1274
1277
1278
1279
1285
1287
1294
1298
1299
1300
1301
1302
1303
1306
1307
1308
1312
1313
1314
1316
1320
1321
1322
1327
1328
1329
1337
1338
1340
1341
1342
1343
1344
1345
1346
1357
1358
1359
1360
1361
1362
1363
1376
1377
1381
1382
1383
1384
1385
1386
1387
1389
1390
1402
1403
1406
1407
1424
1431
1433
1434
1435
1436
1438
1441
1442
1443
1449
1450
1454
1455
1456
1457
1461
1462
1463
1464
1465
1466
1468
1469
1470
1471
1478
1479
1480
1484
1487
1489
1490
1492
1493
1494
1495
1497
1498
1502
1503
1504
1505
1506
1507
1508
1509
1514
1517
1518
1519
1520
1521
1522
1523
1524
1525
1526
1527
1529
1530
1532
1533
1534
1545
1547
1548
1554
1557
1558
1559
1560
1569
1574
1577
1578
1581
1582
1583
1587
1588
1590
1591
1592
1593
1594
1595
1596
1598
1599
1602
1603
1607
1608
1609
1610
1611
1612
1614
1615
1616
1618
1620
1621
1622
1623
1628
1629
1631
1633
1634
1635
1636
1637
1638
1639
1640
1641
1643
1644
1645
1650
1651
1652
1653
1656
1657
1662
1663
1664
1665
1666
1668
1669
1670
1671
1673
1674
1677
1678
1679
1680
1681
1683
1684
1688
1689
1690
1691
1692
1693
1695
1696
1697
1698
1700
1703
1704
1706
1708
1709
1710
1711
1713
1714
1716
1717
1718
1720
1721
1723
1728
1729
1731
1733
1734
1735
1736
1737
1738
1739
1741
1742
1743
1744
1745
1749
1750
1751
1752
1753
1754
1755
1756
1757
1758
1759
1760
1762
1763
1765
1766
1780
1781
1782
1783
1784
1785
1786
1806
1814
1815
1816
1823
1924
1928
1932
1934
1935
1937
1938
1939
1940
1941
1942
1943
1945
1951
1954
1955
1956
1957
1958
1959
1960
1961
1962
1967
1972
1975
1978
1983
1984
1985
1986
1987
1988
1989
1990
1991
1992
1993
1994
1995
1997
1999
2000
2002
2007
2008
2013
2017
2018
2022
2026
2027
2028
2029
2030
2032
2033
2034
2035
2037
2039
2040
2041
2047
2048
2049
2054
2057
2059
2060
2061
2062
2063
2064
2065
2066
2067
2068
2069
2070
2071
2073
2074
2075
2076
2077
2078
2079
2080
2082
2083
2086
2089
2090
2091
2092
2093
2094
2096
2098
2099
2101
2106
2107
2108
2111
2112
2113
2114
2120
2124
2125
2126
2127
2128
2129
2130
2131
2132
2133
2135
2141
2143
2144
2145
2146
2147
2148
2149
2150
2151
2152
2154
2156
2160
2162
2165
2166
2167
2170
2171
2173
2174
2178
2180
2181
2182
2185
2187
2190
2191
2192
2193
2194
2195
2196
2197
2198
2199
2201
2202
2203
2206
2207
2208
2209
2210
2211
2212
2213
2214
2215
2216
2217
2218
2219
2223
2224
2225
2227
2228
2232
2233
2234
2235
2236
2237
2238
2239
2241
2242
2243
2246
2247
2249
2250
2251
2252
2253
2256
2257
2260
2261
2264
2265
2266
2268
2269
2270
2271
2272
2273
2274
2276
2282
2283
2285
2286
2287
2288
2289
2290
2291
2293
2299
2300
2302
2307
2313
2314
2315
2319
2320
2321
2323
2327
2328
2330
2332
2333
2334
2335
2336
2337
2338
2339
2340
2341
2342
2346
2347
2349
2350
2351
2352
2353
2357
2359
2360
2361
2363
2365
2366
2368
2369
2371
2372
2373
2378
2379
2381
2382
2383
2384
2385
2386
2387
2388
2389
2390
2391
2392
2402
2403
2404
2405
2406
2408
2409
2410
2411
2412
2415
2416
2422
2423
2424
2425
2426
2427
2428
2434
2435
2436
2437
2438
2439
2441
2442
2443
2444
2445
2446
2447
2449
2450
2452
2453
2457
2458
2459
2460
2461
2462
2463
2464
2465
2466
2467
2468
2473
2475
2476
2477
2478
2479
2481
2482
2483
2486
2490
2492
2493
2494
2495
2500
2501
2502
2503
2504
2505
2507
2508
2511
2514
2516
2518
2519
2520
2523
2524
2529
2531
2533
2536
2537
2539
2541
2546
2547
2549
2552
2553
2554
2555
2556
2557
2558
2562
2563
2564
2565
2566
2567
2568
2569
2570
2571
2572
2573
2574
2575
2580
2581
2582
2583
2584
2585
2586
2587
2588
2589
2592
2593
2594
2595
2596
2600
2601
2602
2603
2604
2605
2606
2610
2613
2618
2619
2620
2621
2622
2623
2628
2630
2631
2632
2634
2635
2636
2637
2639
2640
2641
2642
2643
2644
2645
2646
2647
2648
2649
2650
2651
2652
2653
2654
2655
2656
2657
2658
2660
2661
2662
2663
2664
2665
2666
2667
2668
2671
2672
2676
2677
2678
2679
2680
2681
2682
2683
2684
2685
2686
2688
2696
2701
2703
2704
2705
2706
2709
2710
2713
2715
2716
2717
2718
2719
2720
2721
2724
2725
2726
2729
2730
2731
2732
2733
2734
2735
2736
2737
2738
2739
2740
2741
2742
2743
2744
2745
2746
2747
2748
2749
2750
2751
2752
2753
2754
2756
2758
2759
2760
2763
2765
2766
2767
2768
2775
2776
2777
2778
2780
2781
2783
2785
2788
2789
2790
2791
2793
2794
2795
2796
2797
2798
2799
2800
2801
2802
2803
2804
2805
2806
2807
2812
2813
2814
2815
2816
2818
2819
2822
2823
2830
2835
2836
2837
2838
2839
2840
2841
2842
2843
2844
2847
2850
2862
2863
2864
2867
2868
2869
2870
2872
2873
2874
2877
2878
2879
2884
2885
2886
2887
2889
2890
2891
2892
2893
2894
2896
2898
2901
2902
2904
2905
2906
2907
2908
2911
2913
2914
2916
2917
2919
2920
2922
2925
2926
2929
2932
2935
2936
2937
2939
2940
2941
2942
2943
2945
2946
2947
2948
2949
2950
2952
2953
2955
2956
2957
2959
2960
2961
2962
2964
2966
2969
2970
2971
2972
2974
2975
2984
2990
2991
2997
3000
3002
3003
3005
3007
3008
3009
3010
3011
3012
3013
3017
3020
3021
3024
3025
3026
3027
3028
3036
3040
3043
3047
3048
3050
3053
3054
3057
3065
3068
3072
3074
3078
3079
3080
3082
3083
3084
3085
3087
3088
3090
3094
3095
3096
3097
3100
3101
3103
3105
3106
3108
3110
3111
3113
3114
3117
3118
3122
3123
3125
3136
3137
3138
3139
3140
3145
3148
3149
3150
3162
3165
3166
3177
3179
3180
3181
3184
3185
3186
3187
3190
3191
3192
3193
3196
3206
3214
3222
3224
3228
3230
3231
3233
3237
3238
3239
3244
3246
3250
3251
3259
3263
3265
3266
3267
3268
3269
3270
3271
3272
3273
3274
3275
3276
3277
3278
3282
3283
3286
3290
3291
3293
3295
3296
3297
3299
3301
3303
3308
3311
3312
3319
3322
3323
3325
3326
3329
3332
3333
3334
3335
3336
3337
3338
3339
3340
3341
3342
3343
3344
3345
3346
3347
3348
3349
3350
3351
3352
3353
3354
3355
3356
3366
3368
3369
3370
3371
3372
3376
3377
3381
3382
3383
3384
3386
3387
3388
3389
3391
3392
3394
3396
3399
3400
3401
3402
3403
3405
3407
3408
3409
3410
3411
3412
3413
3414
3415
3416
3418
3421
3422
3423
3428
3429
3431
3432
3434
3435
3440
3441
3444
3445
3447
3448
3454
3457
3467
3468
3470
3472
3474
3475
3477
3478
3479
3485
3489
3491
3492
3495
3498
3500
3501
3502
3503
3504
3505
3506
3507
3508
3509
3510
3511
3516
3520
3523
3526
3535
3536
3537
3538
3542
3543
3546
3547
3548
3549
3551
3554
3555
3558
3559
3560
3561
3562
3563
3564
3570
3571
3580
3581
3582
3583
3587
3589
3591
3600
3601
3605
3606
3607
3609
3622
3625
3626
3627
3630
3631
3632
3633
3634
3635
3636
3637
3639
3645
3649
3655
3657
3658
3659
3660
3661
3662
3663
3664
3665
3666
3667
3668
3669
3670
3671
3672
3673
3674
3675
3676
3677
3678
3687
3691
3694
3697
3698
3700
3701
3705
3706
3712
3714
3729
3731
3732
3733
3735
3737
3738
3739
3744
3745
3746
3748
3749
3750
3756
3757
3758
3759
3760
3770
3777
3779
3780
3786
3789
3790
3792
3795
3801
3803
3805
3810
3811
3812
3814
3816
3818
3819
3820
3821
3827
3840
3841
3854
3856
3857
3865
3867
3868
3872
3877
3878
3880
3881
3887
3889
3891
3894
3900
3903
3935
3946
3955
3962
3964
3965
3967
3969
3970
3971
3972
3988
3990
3994
3995
3996
3997
3998
3999
4000
4004
4012
4013
4014
4016
4017
4018
4020
4038
4046
4056
4057
4058
4063
4064
4065
4067
4068
4069
4079
4081
4086
4087
4088
4089
4090
4094
4121
4144
4145
4146
4147
4148
4149
4156
4158
4160
4167
4169
4171
4184
4202
4205
4206
4207
4208
4213
4214
4215
4216
4218
4220
4221
4222
4229
4230
4231
4234
4235
4236
4237
4238
4240
4241
4242
4243
4244
4245
4246
4254
4255
4256
4263
4265
4269
4288
4294
4300
4301
4302
4303
4304
4305
4308
4311
4350
4351
4352
4353
4354
4355
4356
4361
4362
4366
4367
4369
4370
4371
4372
4373
4380
4381
4383
4384
4385
4387
4392
4394
4398
4399
4400
4402
4404
4405
4406
4407
4414
4415
4416
4418
4419
4421
4423
4424
4432
4433
4434
4435
4442
4447
4449
4457
4458
4465
4500
4501
4503
4504
4505
4506
4514
4515
4516
4521
4525
4528
4530
4531
4532
4533
4534
4535
4537
4541
4543
4546
4589
4590
4591
4592
4593
4594
4595
4596
4605
4606
4609
4610
4611
4613
4614
4615
4616
4617
4618
4619
4620
4622
4623
4624
4625
4626
4627
4628
4637
4638
4639
4640
4642
4643
4644
4645
4647
4648
4649
4657
4658
4659
4660
4662
4663
4667
4668
4670
4673
4674
4675
4676
4677
4678
4679
4681
4689
4691
4692
4694
4695
4697
4698
4699
4705
4706
4707
4708
4709
4710
4714
4728
4729
4730
4731
4732
4733
4735
4736
4738
4739
4740
4741
4742
4795
4797
4807
4817
4842
4844
4853
4854
4855
4856
4857
4858
4859
4860
4861
4862
4863
4865
4866
4869
4879
4882
4890
4899
4904
4905
4906
4909
4910
4911
4915
4916
4917
4919
4920
4921
4935
4937
4946
4947
4948
4956
4958
4959
4960
4961
4962
4969
4975
4998
5002
5009
5026
5027
5030
5031
5034
5035
5038
5050
5051
5054
5055
5058
5059
5061
5065
5067
5068
5069
5071
5073
5074
5075
5076
5081
5083
5086
5087
5088
5089
5090
5091
5092
5093
5094
5095
5096
5102
5103
5104
5105
5106
5107
5108
5109
5118
5119
5132
5133
5134
5135
5136
5137
5139
5140
5143
5147
5152
5155
5157
5163
5166
5174
5176
5178
5185
5189
5219
5234
5235
5236
5237
5248
5249
5251
5252
5253
5254
5255
5256
5285
5291
5292
5294
5296
5297
5301
5302
5309
5310
5311
5312
5343
5349
5353
5358
5359
5360
5366
5367
5375
5378
5380
5381
5405
5406
5407
5408
5414
5416
5418
5419
5420
5421
5422
5423
5427
5431
5434
5439
5443
5453
5458
5495
5507
5523
5526
5543
5544
5545
5546
5547
5549
5560
5567
5574
5575
5577
5578
5579
5580
5589
5602
5607
5608
5609
5610
5622
5623
5624
5626
5627
5649
5650
5651
5652
5653
5656
5657
5669
5674
5675
5676
5678
5679
5680
5684
5685
5686
5687
5690
5695
5696
5708
5709
5710
5718
5720
5724
5725
5726
5729
5730
5731
5732
5733
5734
5735
5737
5739
5744
5747
5748
5750
5751
5752
5753
5754
5755
5756
5757
5758
5759
5760
5766
5767
5768
5769
5771
5774
5776
5777
5778
5779
5780
5781
5782
5783
5784
5785
5786
5787
5788
5789
5791
5792
5793
5797
5798
5803
5804
5805
5812
5813
5814
5822
5823
5825
5826
5827
5828
5829
5830
5831
5832
5835
5838
5839
5840
5841
5842
5843
5848
5849
5850
5861
5862
5863
5864
5865
5866
5867
5871
5874
5875
5876
5877
5878
5879
5880
5881
5882
5883
5884
5889
5890
5895
5896
5897
5898
5899
5901
5903
5904
5905
5906
5907
5908
5909
5910
5911
5912
5914
5915
5916
5917
5918
5919
5920
5922
5923
5928
5930
5931
5932
5933
5934
5935
5943
5944
5947
5950
5951
5952
5955
5956
5958
5959
5969
5975
5990
5991
5998
6007
6010
6011
6012
6015
6017
6021
6024
6025
6030
6032
6033
6037
6046
6052
6054
6055
6057
6058
6059
6060
6061
6064
6065
6066
6067
6068
6069
6070
6071
6072
6073
6074
6075
6076
6077
6078
6079
6081
6083
6084
6091
6092
6093
6094
6095
6096
6097
6098
6101
6103
6104
6105
6107
6108
6109
6110
6111
6112
6113
6114
6115
6127
6132
6133
6134
6135
6139
6141
6142
6145
6146
6161
6163
6168
6172
6173
6174
6177
6178
6180
6181
6190
6193
6194
6196
6197
6198
6200
6202
6206
6208
6210
6212
6213
6214
6215
6216
6217
6218
6219
6220
6221
6222
6228
6231
6233
6237
6238
6241
6244
6245
6246
6247
6248
6249
6270
6271
6272
6273
6274
6275
6277
6279
6282
6286
6295
6298
6299
6304
6306
6314
6315
6316
6321
6328
6329
6330
6333
6338
6339
6340
6341
6342
6343
6350
6356
6362
6363
6364
6366
6367
6368
6369
6371
6372
6373
6374
6380
6381
6382
6383
6384
6386
6387
6388
6390
6391
6406
6409
6410
6417
6419
6420
6421
6422
6425
6426
6427
6429
6432
6433
6434
6435
6436
6437
6438
6439
6440
6443
6447
6448
6449
6451
6452
6453
6463
6469
6470
6473
6476
6477
6478
6482
6483
6490
6507
6513
6516
6517
6518
6519
6520
6521
6522
6523
6538
6541
6542
6543
6544
6547
6548
6550
6551
6553
6555
6559
6567
6585
6586
6590
6592
6593
6594
6595
6596
6598
6600
6601
6602
6603
6604
6605
6606
6607
6608
6609
6610
6611
6612
6613
6614
6615
6616
6617
6618
6619
6624
6627
6628
6629
6640
6641
6643
6644
6645
6646
6647
6648
6649
6650
6651
6653
6661
6662
6671
6672
6673
6674
6676
6677
6678
6702
6703
6704
6705
6706
6710
6711
6712
6714
6715
6721
6722
6723
6727
6728
6729
6730
6731
6732
6733
6734
6735
6747
6748
6749
6750
6751
6752
6753
6754
6755
6759
6760
6761
6762
6765
6768
6774
6775
6776
6782
6783
6785
6787
6790
6791
6794
6795
6805
6822
6823
6824
6827
6845
6846
6847
6848
6849
6851
6852
6858
6860
6865
6869
6872
6873
6874
6877
6878
6913
6914
6915
6916
6917
6918
6919
6920
6921
6922
6923
6924
6925
6926
6927
6928
6929
6930
6931
6932
6933
6949
6950
6952
6953
6955
6956
6957
6971
6974
6979
6989
7000
7001
7002
7012
7013
7014
7015
7016
7017
7018
7019
7020
7029
7040
7041
7052
7063
7069
7074
7079
7080
7083
7084
7085
7086
7087
7088
7089
7090
7091
7093
7095
7096
7097
7098
7099
7100
7101
7108
7109
7110
7118
7119
7120
7122
7125
7126
7127
7128
7138
7145
7147
7151
7155
7156
7158
7159
7160
7161
7162
7163
7164
7166
7167
7168
7169
7170
7171
7172
7173
7174
7175
7177
7178
7180
7181
7182
7183
7185
7194
7195
7203
7211
7213
7214
7215
7217
7220
7242
7268
7298
7299
7300
7301
7308
7311
7312
7313
7319
7325
7326
7327
7328
7329
7330
7331
7340
7341
7342
7343
7346
7347
7348
7350
7354
7356
7358
7359
7360
7370
7371
7372
7373
7374
7402
7408
7409
7410
7413
7416
7417
7418
7425
7428
7431
7432
7443
7444
7445
7449
7454
7455
7456
7457
7458
7462
7463
7467
7473
7474
7477
7478
7486
7503
7518
7519
7523
7534
7536
7537
7559
7560
7561
7562
7571
7572
7573
7574
7575
7576
7577
7578
7583
7584
7585
7586
7587
7588
7616
7617
7628
7629
7630
7631
7632
7633
7634
7636
7637
7638
7639
7641
7642
7648
7651
7656
7658
7660
7682
7683
7687
7688
7689
7692
7711
7712
7713
7714
7715
7716
7717
7718
7719
7733
7734
7735
7736
7737
7738
7739
7742
7750
7751
7752
7753
7754
7755
7756
7758
7759
7762
7763
7765
7766
7770
7772
7776
7780
7784
7785
7786
7787
7788
7792
7796
7799
7803
7804
7805
7806
7812
7813
7814
7816
7817
7818
7819
7820
7821
7822
7823
7824
7825
7826
7827
7828
7829
7830
7831
7832
7833
7834
7835
7836
7837
7838
7839
7842
7846
7848
7849
7850
7856
7857
7858
7859
7860
7861
7863
7867
7868
7870
7871
7872
7878
7882
7884
7886
7892
7893
7894
7908
7911
7912
7913
7914
7915
7922
7923
7933
7934
7935
7936
7937
7938
7939
7940
7941
7942
7943
7944
7945
7946
7953
7963
7968
7979
7980
7981
7982
7983
7984
7985
7986
7987
7990
7997
7998
8000
8001
8007
8008
8009
8011
8012
8013
8014
8015
8016
8017
8023
8024
8028
8034
8035
8044
8045
8046
8047
8049
8050
8051
8052
8053
8055
8058
8059
8063
8068
8069
8072
8073
8074
8075
8076
8086
8092
8094
8098
8100
8101
8102
8103
8105
8106
8118
8120
8121
8125
8136
8137
8138
8139
8140
8141
8142
8154
8157
8158
8159
8160
8161
8162
8164
8165
8166
8167
8168
8171
8172
8173
8174
8175
8177
8178
8182
8183
8187
8188
8189
8190
8191
8192
8195
8204
8206
8207
8210
8219
8220
8222
8228
8229
8238
8254
8260
8274
8275
8276
8288
8295
8297
8301
8305
8306
8308
8310
8312
8313
8316
8321
8323
8326
8331
8332
8333
8337
8338
8341
8343
8344
8363
8381
8406
8408
8452
8454
8495
8497
8498
8500
8504
8506
8515
8516
8517
8518
8522
8524
8530
8541
8578
8579
8586
8587
8590
8605
8629
8635
8660
8661
8669
8671
8673
8674
8681
8718
8725
8727
8728
8729
8730
8731
8732
8733
8734
8735
8736
8737
8738
8740
8744
8757
8764
8767
8775
8776
8778
8779
8785
8787
8791
8798
8800
8804
8807
8808
8809
8810
8811
8812
8816
8823
8849
8850
8851
8854
8859
8860
8861
8862
8863
8864
8865
8866
8867
8868
8869
8870
8871
8872
8873
8874
8875
8876
8877
8878
8879
8880
8881
8882
8883
8884
8885
8886
8887
8888
8890
8900
8907
8909
8914
8916
8918
8920
8922
8923
8924
8927
8930
8935
8937
8942
8958
8959
8961
8962
8963
8965
8966
8968
8969
8971
8972
8974
8975
8978
8979
8980
8981
8982
8983
8984
8985
9003
9005
9007
9015
9043
9045
9046
9047
9048
9050
9056
9057
9058
9059
9073
9080
9081
9082
9083
9084
9085
9086
9087
9088
9089
9092
9093
9094
9095
9096
9097
9098
9130
9134
9152
9155
9156
9157
9158
9159
9160
9161
9162
9163
9174
9178
9182
9185
9187
9188
9190
9193
9199
9206
9216
9217
9218
9219
9220
9221
9224
9256
9257
9258
9259
9260
9261
9262
9263
9264
9309
9310
9311
9312
9313
9314
9315
9316
9317
9318
9319
9320
9322
9323
9324
9325
9328
9330
9336
9337
9338
9339
9340
9342
9343
9344
9345
9346
9347
9348
9349
9350
9351
9352
9353
9354
9355
9356
9357
9358
9359
9360
9361
9362
9363
9364
9365
9366
9367
9368
9369
9370
9372
9373
9374
9375
9376
9377
9378
9379
9380
9382
9383
9405
9406
9407
9408
9409
9411
9412
9413
9415
9426
9429
9476
9477
9478
9479
9480
9481
9482
9483
9487
9491
9562
9564
9566
9567
9569
9572
9577
9578
9582
9584
9586
9587
9588
9589
9590
9592
9594
9595
9597
9598
9599
9600
9607
9614
9615
9616
9621
9631
9638
9640
9653
9661
9675
9676
9678
9679
9680
9681
9682
9684
9685
9686
9687
9688
9689
9690
9692
9703
9704
9705
9706
9707
9708
9709
9714
9724
9727
9740
9781
9782
9799
9801
9802
9803
9810
9817
9891
9898
9899
9900
9901
9904
9911
9918
9921
9934
9935
9937
9939
9940
9941
9942
9943
9944
9945
10023
10028
10030
10031
10032
10033
10034
10035
10036
10037
10038
10039
10040
10041
10043
10048
10051
10052
10053
10054
10055
10056
10057
10058
10059
10060
10062
10063
10064
10065
10066
10067
10068
10069
10070
10071
10072
10073
10074
10082
10083
10084
10087
10088
10089
10135
10159
10164
10165
10166
10167
10168
10169
10170
10171
10174
10175
10176
10178
10184
10193
10194
10197
10207
10238
10243
10244
10270
10297
10401
10403
10405
10408
10410
10411
10412
10413
10414
10416
10417
10418
10419
10420
10421
10422
10427
10440
10511
10519
10524
10527
10528
10536
10555
10562
10563
10564
10585
10586
10600
10602
10614
10615
10630
10631
10632
10633
10634
10635
10636
10637
10638
10639
10640
10686
10726
10761
10772
10783
10784
10785
10786
10787
10788
10789
10791
10792
10793
10794
10795
10796
10797
10798
10799
10800
10801
10802
10803
10804
10806
10807
10810
10826
10827
10828
10829
10830
10831
10841
10842
10843
10844
10846
10847
10852
10853
10854
10857
10866
10877
10880
10882
10885
10913
10914
10920
10927
10936
10938
10939
10945
10946
11136
11137
11138
11139
11140
11141
11142
11143
11144
11145
11146
11147
11148
11149
11150
11151
11152
11153
11160
11161
11162
11163
11164
11167
11169
11284
11285
11324
11326
11328
11349
11459
11744
11745
11746
11747
11748
11749
11750
11751
11752
11753
11754
11755
11760
11761
11763
11764
11768
11770
11772
11776
11777
11778
11779
11791
11793
11795
11796
11805
11806
11911
11924
11931
11958
11963
11964
11968
11977
11978
11993
12005
12024
12025
12026
12027
12032
12103
12104
12105
12116
12119
12121
12186
12187
12188
12189
12190
12191
12192
12193
12194
12195
12258
12279
12280
12281
12282
12283
12284
12285
12286
12287
12288
12289
12290
12291
12292
12293
12294
12295
12296
12298
12299
12300
12301
12302
12358
12369
12370
12371
12372
12373
12374
12375
12376
12377
12378
12382
12383
12384
12385
12386
12387
12388
12389
12390
12391
12392
12393
12394
12395
12396
12397
12398
12399
12400
12401
12402
12403
12404
12405
12407
12408
12409
12410
12411
12412
12413
12414
12415
12416
12417
12418
12419
12420
12421
12422
12423
12424
12425
12426
12427
12428
12482
12497
12498
12504
12509
12510
12511
12525
12526
12573
12583
12584
12585
12586
12587
12588
12631
12656
12657
12658
12659
12660
12661
12662
12663
12664
12665
12666
12667
12668
12669
12670
12671
12672
12673
12674
12675
12676
12677
12678
12679
12682
12683
12684
12685
12686
12687
12688
12689
12690
12691
12692
12693
12694
12695
12708
12709
12716
12719
12720
12721
12722
12723
12724
12725
12726
12727
12728
12729
12731
12732
12741
12742
12745
12851
12852
12853
12854
12855
12856
12857
12858
12859
12860
12861
12862
12863
12864
12865
12866
12867
12874
12879
12881
12884
12888
12891
12906
12964
12965
12966
12973
12976
12979
12981
13000
13001
13002
13003
13004
13005
13006
13007
13008
13009
13010
13011
13012
13022
13023
13024
13025
13026
13027
13028
13029
13030
13045
13046
13047
13048
13049
13050
13053
13059
13060
13061
13062
13063
13064
13065
13066
13067
13068
13081
13083
13085
13087
13088
13090
13092
13093
13095
13097
13099
13101
13102
13103
13104
13105
13106
13107
13108
13109
13110
13111
13112
13113
13114
13115
13116
13117
13118
13147
13148
13149
13150
13151
13152
13158
13179
13180
13181
13206
13225
13227
13271
13272
13274
13275
13276
13277
13278
13279
13280
13281
13282
13283
13285
13290
13291
13292
13293
13294
13295
13296
13297
13299
13300
13301
13302
13303
13304
13305
13306
13307
13308
13309
13310
13311
13312
13314
13315
13316
13317
13318
13319
13320
13321
13322
13323
13325
13326
13327
13328
13330
13331
13332
13333
13334
13335
13336
13337
13338
13339
13340
13341
13342
13343
13344
13345
13352
13353
13354
13355
13356
13357
13358
13359
13367
13370
13414
13524
13531
13532
13533
13534
13535
13536
13544
13545
13546
13547
13555
13576
13579
13580
13581
13582
13583
13584
13585
13586
13587
13588
13613
13616
13617
13618
13619
13620
13621
13622
13623
13624
13625
13626
13631
13654
13655
13656
13662
13666
13667
13668
13669
13670
13671
13672
13685
13727
13742
13745
13746
13747
13749
13750
13751
13752
13753
13754
13755
13756
13757
13758
13765
13766
13772
13773
13774
13775
13776
13777
13804
13838
13849
13868
13869
13870
13871
13873
13874
13881
13882
13884
13885
13886
13891
13896
13897
13898
13900
13903
13904
13959
13960
13961
13962
13970
13971
13974
13980
14003
14016
14018
14042
14043
14105
14106
14107
14108
14109
14110
14111
14112
14113
14114
14115
14116
14117
14118
14119
14120
14121
14154
14167
14177
14208
14219
14220
14223
14248
14296
14363
14371
14430
14431
14434
14436
14437
14439
14441
14443
14445
14446
14448
14450
14452
14454
14455
14461
14462
14465
14484
14504
14506
14530
14559
14565
14570
14571
14572
14576
14643
14653
14654
14655
14660
14663
14672
14708
14709
14760
14761
14762
14768
14769
14770
14771
14772
14773
14774
14775
14776
14777
14778
14779
14780
14781
14782
14783
14784
14785
14786
14787
14788
14789
14790
14791
14792
14793
14794
14795
14796
14797
14798
14799
14800
14801
14802
14803
14804
14805
14809
14811
14812
14813
14814
14815
14816
14817
14818
14819
14820
14821
14846
14910
14912
14913
14914
14915
14916
14917
14918
14919
14920
14929
15015
15018
15019
15020
15021
15022
15023
15024
15025
15026
15028
15033
15034
15035
15036
15135
15136
15138
15140
15141
15142
15143
15147
15152
15155
15161
15238
15239
15240
15241
15242
15243
15244
15245
15270
15293
15313
15344
15350
15354
15360
15431
15459
15461
15546
15552
15560
15580
15595
15699
15700
15707
15722
15724
15725
15749
15832
15833
15835
15836
15839
15840
15858
15859
15860
15861
15862
15883
15888
15899
15901
15919
15921
15923
15924
15925
;2018-04-27 (금) 14:43:43
15969
16018
16019
16020
16074
16084
16110
16147
16148
16149
16150
16151
16152
16153
16154
16155
16156
16157
16158
16159
16160
16161
16162
16163
16164
16165
16166
16167
16168
16169
16170
16171
16172
16173
16174
16175
16176
16177
16178
16179
16180
16181
16182
16183
16184
16185
16186
16187
16188
16189
16190
16191
16192
16193
16194
16195
16196
16197
16198
16199
16201
16209
16211
16212
16213
16218
16219
16220
16221
16222
16224
16250
16287
16288
16289
16291
16292
16293
16294
16295
16296
16297
16298
16299
16300
16301
16302
16303
16304
16305
16306
16307
16308
16309
16310
16311
16312
16313
16314
16315
16316
16317
16318
16319
16320
16321
16322
16323
16324
16325
16326
16327
16328
16329
16330
16331
16332
16333
16334
16335
16336
16337
16338
16339
16340
16341
16342
16343
16344
16345
16346
16347
16348
16349
16350
16351
16352
16353
16354
16355
16356
16357
16358
16359
16360
16361
16362
16363
16364
16365
16366
16367
16368
16369
16370
16371
16372
16373
16374
16375
16376
16377
16381
16385
16386
16389
16390
16391
16392
16393
16394
16395
16396
16397
16398
16399
16400
16401
16402
16403
16404
16405
16406
16407
16408
16409
16410
16411
16412
16413
16414
16415
16416
16417
16418
16419
16420
16421
16422
16423
16424
16425
16426
16427
16428
16429
16454
16552
16553
16554
16555
16556
16558
16559
16560
16561
16562
16563
16564
16565
16566
16567
16568
16569
16570
16571
16572
16573
16574
16575
16576
16577
16578
16579
16580
16581
16582
16583
16584
16585
16586
16587
16588
16589
16590
16591
16592
16593
16594
16595
16596
16597
16598
16599
16600
16601
16602
16603
16604
16605
16606
16607
16608
16609
16610
16611
16612
16613
16614
16615
16616
16617
16618
16619
16620
16621
16622
16623
16624
16625
16626
16627
16628
16629
16630
16631
16632
16633
16634
16635
16636
16637
16638
16639
16640
16641
16642
16643
16644
16645
16646
16647
16648
16649
16650
16651
16652
16653
16654
16655
16656
16657
16658
16659
16660
16661
16662
16667
16669
16670
16671
16672
16674
16675
16677
16678
16680
16681
16686
16687
16688
16697
16698
16699
16700
16701
16702
16703
16704
16706
16708
16709
16710
16711
16715
16717
16718
16719
16721
16722
16724
16725
16733
16735
16736
16738
16741
16743
16744
16746
16747
16749
16750
16751
16752
16753
16754
16755
16757
16758
16760
16789
16790
16791
16792
16793
16794
16796
16797
16798
16799
16800
16801
16802
16803
16804
16805
16806
16807
16808
16809
16810
16811
16812
16813
16814
16815
16816
16817
16818
16819
16820
16821
16822
16823
16824
16825
16826
16827
16828
16829
16830
16831
16832
16833
16834
16835
16836
16837
16838
16839
16855
16883
16904
16905
16906
16913
16914
16915
16916
16917
16918
16919
16920
16921
16922
16923
16924
16925
16926
16927
16928
16929
16930
16931
16932
16933
16934
16935
16936
16937
16938
16939
16940
16941
16942
16943
16944
16945
16946
16947
16948
16949
16950
16951
16952
16953
16954
16955
16956
16957
16958
16959
16960
17083
17084
17085
17086
17087
17088
17089
17090
17091
17092
17093
17145
17150
17151
17152
17153
17154
17155
17156
17157
17158
17159
17160
17161
17162
17163
17164
17165
17166
17167
17168
17169
17170
17171
17172
17173
17174
17175
17176
17177
17178
17179
17180
17181
17182
17183
17184
17185
17186
17187
17188
17189
17190
17192
17193
17194
17195
17196
17197
17198
17200
17201
17203
17204
17205
17206
17207
17208
17209
17210
17211
17212
17213
17214
17215
17216
17217
17218
17219
17220
17221
17222
17223
17224
17225
17226
17227
17228
17230
17231
17232
17233
17234
17235
17236
17237
17238
17239
17240
17241
17242
17243
17244
17246
17247
17248
17249
17250
17251
17252
17253
17254
17255
17256
17257
17258
17260
17261
17320
17322
17324
17325
17326
17328
17329
17330
17332
17333
17334
17336
17337
17339
17342
17343
17344
17345
17346
17347
17348
17366
17367
17372
17373
17375
17376
17377
17381
17382
17383
17384
17385
17392
17399
17403
17404
17405
17406
17407
17408
17409
17410
17411
17420
17429
17445
17446
17447
17448
17449
17450
17451
17471
17473
17474
17478
17480
17482
17495
17496
17497
17508
17687
17701
17708
17709
17710
17711
17712
17713
17714
17724
17725
17726
17751
17754
17755
17759
17760
17761
17779
17780
17783
17784
17785
17786
17787
17788
17789
17790
17791
17792
17793
17794
17795
17796
17797
17798
17799
17800
17801
17802
17803
17804
17805
17812
17813
17814
17815
17816
17819
17827
17828
17829
17833
17834
17836
17840
17852
17853
17855
17860
17864
17867
17868
17869
17870
17871
17872
17873
17874
17875
17876
17877
17878
17979
17987
17989
17992
17999
18000
18001
18060
18062
18065
18068
18073
18076
18077
18078
18085
18098
18103
18118
18121
18123
18125
18126
18127
18128
18129
18130
18131
18132
18133
18134
18135
18136
18137
18139
18140
18199
18200
18201
18211
18219
18220
18230
18236
18240
18241
18250
18251
18261
18268
18269
18270
18272
18276
18277
18278
18279
18280
18281
18302
18321
18341
18342
18343
18344
18345
18346
18347
18348
18349
18350
18351
18352
18353
18354
18355
18360
18361
18362
18428
18430
18431
18436
18437
18445
18453
18455
18461
18467
18471
18481
18496
18523
18524
18530
18627
18632
18634
18636
18652
18654
18685
18686
18687
18692
18693
18710
18717
18720
18722
18727
18729
18735
18737
18741
18745
18751
18753
18757
18762
18763
18770
18772
18775
18776
18785
18786
18787
18788
18789
18790
18791
18792
18793
18795
18808
18809
18810
18811
18813
18814
18817
18820
18827
18828
18829
18830
18831
18836
18839
18840
18842
18851
18852
18853
18854
18855
18858
18859
18860
18861
18862
18877
18912
18918
18934
18940
18941
18942
18944
18945
18949
18953
18956
19020
19025
19062
19077
19080
19081
19097
19121
19126
19140
19143
19146
19147
19154
19156
19162
19165
19172
19174
19177
19179
19180
19181
19182
19183
19184
19185
19188
19193
19197
19198
19207
19254
19263
19264
19265
19266
19267
19270
19293
19315
19337
19339
19341
19343
19344
19345
19346
19352
19356
19357
19358
19359
19360
19361
19363
19366
19367
19368
19370
19371
19375
19383
19388
19389
19403
19405
19406
19408
19409
19415
19416
19417
19419
19420
19421
19423
19424
19430
19431
19432
19433
19434
19435
19436
19437
19438
19439
19440
19441
19442
19443
19444
19445
19446
19447
19450
19486
19487
19525
19528
19529
19530
19531
19532
19534
19536
19539
19545
19546
19548
19550
19557
19559
19588
19590
19591
19626
19641
19642
19644
19645
19649
19650
19658
19659
19660
19664
19666
19667
19744
19745
19746
19747
19748
19749
19750
19751
19752
19753
19754
19755
19756
19757
19758
19759
19827
19828
19829
19833
19835
19838
19839
19840
19853
19858
19864
19899
19903
19905
19906
19907
19908
19913
19916
19920
19921
19922
19923
19924
19925
19926
19929
19935
19936
19937
19938
19939
19940
19941
19942
19943
19944
19945
19954
19968
19991
;2018-04-27 (금) 15:45:45
20003
20004
20005
20009
20010
20011
20012
20013
20014
20015
20016
20017
20018
20093
20094
20095
20101
20110
20111
20112
20114
20118
20120
20125
20129
20132
20133
20134
20135
20138
20139
20140
20141
20149
20211
20212
20215
20216
20217
20218
20219
20220
20222
20223
20228
20231
20232
20233
20234
20267
20306
20309
20310
20312
20314
20316
20320
20323
20324
20325
20332
20334
20335
20336
20337
20338
20339
20341
20342
20345
20352
20362
20376
20377
20378
20379
20380
20381
20382
20383
20386
20388
20389
20393
20395
20396
20398
20399
20401
20402
20404
20405
20406
20409
20412
20413
20414
20415
20416
20418
20421
20422
20423
20424
20425
20426
20427
20428
20429
20430
20431
20432
20433
20434
20435
20437
20438
20452
20453
20454
20455
20456
20457
20458
20459
20460
20461
20462
20463
20464
20465
20471
20472
20473
20474
20475
20476
20477
20478
20479
20480
20489
20494
20504
20505
20527
20540
20542
20544
20545
20547
20548
20549
20550
20551
20555
20563
20564
20567
20568
20569
20570
20571
20572
20574
20575
20578
20580
20584
20591
20592
20593
20594
20595
20597
20643
20659
20667
20668
20669
20674
20675
20676
20680
20681
20683
20684
20685
20687
20688
20689
20690
20691
20692
20693
20694
20722
20754
20756
20757
20758
20761
20763
20768
20769
20770
20771
20772
20773
20774
20775
20776
20777
20778
20779
20780
20781
20782
20784
20788
20790
20791
20792
20793
20801
20864
20884
20885
20924
20925
20926
20927
20929
20930
20931
20932
20933
20935
20938
20939
20940
20941
20942
20945
20948
20959
20961
20962
20963
20967
20970
20973
21049
21063
21064
21065
21066
21068
21082
21083
21085
21087
21088
21089
21090
21091
21092
21093
21094
21099
21100
21101
21102
21105
21106
21107
21108
21109
21110
21111
21112
21113
21114
21115
21119
21120
21124
21157
21161
21170
21184
21186
21188
21189
21197
21205
21275
21278
21280
21282
21283
21284
21285
21289
21290
21300
21301
21302
21312
21313
21372
21375
21376
21379
21380
21381
21382
21389
21392
21393
21394
21396
21397
21402
21404
21415
21417
21420
21421
21432
21436
21437
21438
21439
21440
21441
21442
21444
21446
21447
21448
21449
21450
21451
21454
21456
21458
21459
21460
21461
21470
21473
21486
21497
21507
21508
21511
21522
21534
21537
21540
21546
21554
21555
21556
21571
21573
21574
21588
21589
21590
21592
21593
21595
21597
21598
21599
21600
21653
21660
21664
21672
21673
21674
21680
21692
21693
21758
21771
21827
21828
21829
21830
21831
21832
21834
21835
21836
21837
21838
21839
21840
21841
21842
21857
21858
21859
21860
21870
21872
21914
21915
21916
21917
21925
21933
21934
21940
21941
21942
21944
21949
21952
21953
21954
21955
21956
21986
21993
22001
22002
22003
22032
22033
22035
22036
22114
22118
22119
22120
22121
22123
22124
22126
22136
22137
22138
22142
22143
22144
22145
22146
22147
22148
22149
22150
22151
22152
22153
22154
22155
22157
22186
22189
22219
22221
22270
22294
22295
22301
22304
22307
22308
22309
22310
22311
22313
22315
22317
22378
22379
22380
22381
22385
22397
22399
22401
22403
22461
22462
22463
22504
22505
22506
22507
22508
22509
22510
22511
22512
22513
22514
22515
22516
22517
22520
22521
22523
22524
22526
22528
22531
22532
22534
22536
22538
22539
22540
22541
22542
22543
22544
22545
22546
22547
22548
22549
22550
22551
22553
22555
22565
22568
22596
22602
22613
22627
22629
22630
22631
22638
22639
22640
22641
22642
22643
22644
22646
22647
22648
22649
22650
22651
22652
22721
22722
22725
;2018-04-27 (금) 15:55:00
22785
22791
22883
22944
22945
22957
22961
22962
22963
23014
23019
23020
23021
23022
23029
23032
23033
23034
23035
23036
23037
23039
23040
23041
23042
23043
23044
23047
23051
23052
23054
23056
23058
23080
23169
23173
23180
23182
23183
23184
23185
23187
23188
23190
23191
23192
23194
23195
23196
23197
23198
23199
23200
23201
23202
23203
23204
23205
23206
23207
23208
23209
23210
23217
23237
23396
23397
23398
23399
23400
23401
23402
23403
23404
23405
23406
23407
23408
23409
23410
23411
23412
23413
23414
23417
23418
23425
23426
23427
23533
23537
23605
23606
23607
23608
23610
23611
23613
23614
23620
23621
23687
23733
23740
23743
23745
23746
23805
23809
23810
23811
23817
23818
23874
23875
23876
23928
23929
23931
23934
23952
24010
24025
24026
24027
24148
24200
24202
24203
24204
24206
24207
24208
24209
24210
24211
24212
24213
24214
24215
24216
24217
24218
24219
24220
24221
24222
24223
24224
24225
24226
24227
24228
24229
24230
24231
24232
24233
24234
24235
24236
24237
24238
24239
24240
24241
24242
24243
24244
24245
24246
24247
24248
24252
24253
24257
24258
24381
24382
24383
24385
24387
24388
24389
24394
24395
24396
24397
24398
24399
24400
24406
24409
24413
24414
24415
24417
24518
24520
24521
24639
24640
24680
24683
24686
24754
24755
24756
24757
24758
24790
24874
24881
;2018-04-30 (월) 15:08:10
25024
25093
25118
25178
25179
25180
25303
25308
25309
25324
25326
25331
25334
25337
25448
25456
25457
25459
25460
25461
25520
25521
25523
25528
25542
25543
25544
25545
25546
25552
25612
25613
25615
25616
25617
25618
25619
25620
25621
25622
25623
25624
25625
25626
25627
26073
26074
26076
26083
26084
26086
26087
26088
26089
26090
26091
26092
26093
26095
26097
26098
26099
26100
26102
26103
26104
26105
26106
26107
26110
26111
26112
26113
26114
26115
26116
26117
26118
26119
26120
26121
26122
26123
26124
26125
26126
26127
26128
26130
26134
26135
26136
26139
26140
26141
26151
26163
26167
26176
26182
26191
26210
26215
26216
26258
26259
26260
26261
26262
26263
26264
26265
26266
26267
26268
26269
26271
26272
26273
26276
26277
26278
26279
26280
26281
26282
26283
26284
26288
26292
26293
26294
26297
26306
26308
26353
26354
26355
26439
26440
26441
26442
26443
26444
26453
26458
26459
26460
26461
26462
26476
26477
26478
26479
26480
26481
26482
26483
26484
26485
26486
26487
26488
26489
26490
26491
26492
26493
26494
26495
26496
26497
26498
26499
26500
26501
26503
26504
26505
26506
26507
26509
26510
26511
26512
26513
26514
26515
26516
26517
26518
26519
26520
26521
26522
26523
26524
26525
26526
26528
26529
26533
26538
26539
26545
26546
26547
26551
26571
26572
26579
26580
26645
26649
26650
26651
26652
26653
26654
26655
26656
26657
26658
26660
26662
26663
26665
26668
26669
26670
26671
26672
26673
26674
26675
26676
26677
26678
26687
26697
26708
26711
26722
26725
26727
26743
26744
26751
26761
26764
26765
26773
26775
26776
26778
26784
26845
26859
26874
26896
26932
26933
26935
26939
26940
26942
26943
26944
26945
26947
26948
26949
26950
26951
26958
26959
26960
26961
26962
26966
26967
26968
26997
27013
27014
27015
27016
27017
27019
27022
27024
27026
27028
27029
27030
27035
27036
27044
27045
27047
27051
27052
27053
27054
27055
27056
27057
27058
27059
27061
27069
27070
27071
27072
27073
27074
27075
27076
27077
27078
27079
27081
27083
27084
27085
27086
27087
27088
27089
27090
27091
27092
27093
27094
27097
27098
27099
27100
27115
27151
27160
27162
27163
27169
27170
27171
27172
27173
27174
27175
27176
27177
27178
27179
27180
27181
27193
27226
27240
27253
27254
27255
27256
27274
27347
27348
27349
27350
27351
27352
27353
27354
27355
27356
27357
27360
27362
27364
27376
27378
27381
27387
27479
27483
27489
27491
27492
27498
27504
27507
27512
27525
27527
27529
27531
27535
27550
27551
27552
27553
27554
27555
27556
27557
27558
27559
27560
27561
27562
27563
27566
27575
27576
27580
27581
27583
27669
27690
27717
27721
27723
27724
27832
27833
27834
27835
27840
27841
27842
27843
27846
27847
27848
27849
27850
27851
27852
27857
27858
27859
27861
27862
27867
27868
27869
27870
27871
27872
27873
27876
27877
27878
27880
27883
27886
27904
27905
27906
27907
27908
27909
27910
27911
27912
27913
27914
27915
27916
27917
27918
27919
27920
27921
27922
27923
27924
27926
27927
27929
27936
27940
27946
27947
27949
;2018-04-30 (월) 15:46:43
28063
28066
28068
28069
28070
28071
28072
28073
28076
28077
28078
28079
28080
28082
28083
28085
28087
28089
28090
28095
28096
28099
28100
28101
28102
28104
28106
28107
28109
28112
28133
28139
28150
28151
28160
28162
28173
28174
28188
28190
28196
28208
28213
28219
28261
28277
28279
28306
28326
28343
28345
28346
28347
28355
28368
28373
28379
28380
28433
28438
28441
28446
28448
28452
28464
28466
28481
28482
28485
28486
28494
28495
28552
28553
28554
28559
28568
28570
28573
28575
28630
28632
28634
28641
28678
28679
28752
28759
28766
28768
28826
28827
28828
28829
28830
28834
28845
28853
28858
28863
28867
28868
28869
28870
28871
28876
28879
28883
28895
28903
28904
28905
28906
28914
28916
28917
28918
28920
28923
28924
28925
28926
28927
28929
28930
28931
28932
28935
28936
28937
28938
28939
28940
28941
28942
28943
28944
28945
28946
28960
28961
28962
28963
28964
28969
28970
28972
28973
28975
28976
28977
28981
28982
28985
28988
28991
28992
;2018-04-30 (월) 15:49:03
;2018-04-30 (월) 15:56:20
29001
29002
29005
29006
29008
29013
29020
29021
29030
29052
29062
29188
29194
29195
29196
29197
29198
29199
29203
29205
29206
29211
29213
29225
29227
29239
29247
29248
29249
29250
29251
29254
29274
29284
29285
29286
29287
29289
29292
29294
29296
29298
29299
29300
29307
29309
29310
29311
29312
29359
29360
29361
29362
29363
29364
29383
29389
29393
29394
29457
29458
29462
29463
29464
29467
29470
29471
29473
29475
29479
29480
29481
29483
29484
29485
29486
29487
29488
29489
29490
29491
29492
29493
29494
29495
29496
;2018-04-30 (월) 16:04:10
29556
29557
29558
29560
29564
29584
29589
29596
29599
29605
29606
29607
29608
29611
29612
29614
29615
29624
29625
29627
29730
29731
29732
29738
29741
29799
29806
29807
29809
29812
29814
29816
29817
29818
29820
29822
29823
29824
29825
29826
29856
29887
29888
29889
29890
29891
29892
29893
29894
29895
29896
29898
29899
29900
29901
29902
29903
29904
29905
29906
29907
29908
29909
29910
29911
29912
29914
29917
29928
29929
29931
29932
29933
29935
29994
29997
;2019-04-17 (수) 00:41:07
30007
30064
30069
30070
30093
30140
30142
30148
30181
30182
30183
30184
30185
30186
30187
30188
30189
30197
30211
30220
30233
30272
30328
30329
30332
30351
30352
30356
30359
30362
30364
30421
30439
30449
30451
30452
30453
30454
30455
30456
30457
30458
30459
30460
30461
30462
30463
30464
30465
30466
30467
30468
30469
30470
30471
30472
30473
30474
30475
30479
30497
30498
;2019-04-17 (수) 00:46:50
30507
30513
30514
30518
30527
30529
30535
30536
30550
30552
30556
30559
30561
30562
30563
30564
30565
30566
30567
30568
30570
30581
30586
30588
30590
30591
30592
30593
30595
30596
30597
30599
30600
30601
30602
30603
30604
30637
30638
30639
30641
30644
30645
30646
30647
30648
30649
30650
30651
30652
30653
30654
30655
30656
30657
30658
30663
30670
30671
30672
30673
30674
30675
30676
30677
30678
30679
30682
30683
30684
30685
30686
30708
30709
30710
30713
30745
30752
30769
30770
30771
30772
30785
30799
30816
30827
30828
30829
30830
30831
30832
30833
30834
30835
30836
30837
30838
30851
30856
30857
30858
30859
30860
30861
30862
30863
30864
30867
30899
30916
30935
30936
30938
30939
30950
30951
30953
30958
30962
30963
30964
30969
30970
30971
30976
;2019-04-17 (수) 01:49:10
31005
31006
31007
31008
31009
31010
31011
31012
31013
31014
31015
31016
31017
31018
31019
31020
31021
31022
31023
31024
31025
31026
31028
31035
31036
31037
31038
31040
31042
31047
31048
31049
31050
31051
31052
31053
31054
31055
31056
31057
31058
31059
31060
31061
31062
31063
31064
31065
31066
31067
31068
31069
31070
31071
31072
31073
31074
31075
31076
31077
31078
31079
31080
31087
31088
31089
31090
31091
31092
31093
31094
31095
31096
31097
31098
31099
31100
31101
31102
31103
31108
31109
31110
31111
31112
31113
31114
31115
31116
31117
31118
31123
31124
31125
31126
31127
31128
31129
31130
31131
31132
31134
31154
31155
31156
31157
31158
31160
31161
31162
31163
31165
31166
31170
31171
31175
31182
31193
31196
31198
31199
31200
31201
31202
31203
31204
31205
31208
31210
31212
31213
31214
31216
31217
31219
31220
31221
31222
31223
31224
31226
31227
31228
31229
31231
31232
31233
31235
31240
31242
31243
31244
31253
31256
31258
31259
31260
31261
31262
31288
31292
31303
31304
31324
31325
31326
31327
31331
31349
31351
31378
31391
31413
31414
31415
31416
31417
31418
31419
31420
31422
31423
31424
31425
31426
31427
31428
31429
31430
31450
31469
31470
31475
31497
31498
31499
31500
31501
31502
31503
31504
31505
31506
31509
31510
31525
31529
31536
31565
31581
31597
31598
31608
31609
31616
31617
31624
31647
31662
31663
31664
31665
31666
31667
31668
31669
31670
31671
31672
31673
31674
31676
31677
31678
31679
31680
31681
31682
31683
31684
31685
31686
31687
31724
31725
31779
31795
31802
31805
31811
31816
31827
31839
31841
31848
31849
31853
31855
31868
31899
31900
31901
31902
31903
31904
31905
31906
31907
31908
31909
31910
31911
31958
31959
31960
31961
31962
31963
31964
31979
31980
31981
31982
32007
32009
32029
32031
32039
32040
32041
32042
32043
32045
32046
32058
32059
32076
32077
32078
32079
32080
32081
32082
32083
32086
32099
32100
32101
32102
32103
32104
32106
32107
32108
32109
32116
32117
32118
32123
32130
32131
32132
32133
32134
32136
32137
32139
32140
32143
32144
32145
32146
32149
32158
32159
32160
32165
32175
32180
32181
32183
32186
32187
32188
32189
32190
32191
32192
32193
32194
32195
32198
32199
32200
32208
32209
32210
32211
32212
32213
32214
32215
32216
32217
32219
32225
32241
32246
32247
32248
32249
32250
32251
32252
32253
32257
32272
32277
32294
32295
32304
32306
32344
32353
32354
32359
32360
32361
32362
32363
32401
32406
32433
32451
32457
32458
32468
32491
32492
32493
32510
32520
32532
32538
32562
32563
32564
32565
32567
32573
32623
32628
32642
32680
32681
32683
32684
32685
32686
32701
32704
32705
32706
32707
32708
32709
32710
32711
32712
32713
32714
32737
32738
32739
32740
32741
32742
32743
32744
32745
32746
32747
32748
32776
32792
32793
32794
32795
32796
32797
32798
32799
32800
32803
32805
32806
32807
32814
32816
32819
32820
32821
32822
32823
32827
32829
32832
32834
32835
32836
32838
32839
32840
32841
32842
32843
32844
32845
32846
32864
32893
32894
32895
32896
32897
32908
32909
32910
32911
32912
32913
32914
32940
32964
32965
32968
32969
32970
32971
32973
32974
32980
32981
33009
33070
33072
33073
33103
33135
33136
33137
33148
33149
33174
33175
33201
33208
33237
33239
33245
33250
33289
33290
33298
33299
33300
33301
33305
33306
33307
33308
33309
33310
33311
33312
33313
33317
33318
33319
33339
33341
33396
33397
33398
33411
33430
33431
33435
33436
33437
33438
33439
33440
33444
33445
33446
33447
33448
33449
33450
33451
33452
33453
33467
33468
33471
33474
33475
33476
33477
33478
33479
33480
33481
33482
33483
33517
33523
33530
33566
33567
33568
33571
33573
33574
33578
33585
33587
33599
33639
33641
33653
33672
33697
33698
33722
33737
33738
33739
33740
33753
33755
33763
33765
33766
33767
33768
33769
33770
33771
33772
33773
33774
33775
33776
33777
33778
33779
33780
33781
33782
33783
33784
33785
33786
33816
33818
33830
33831
33832
33837
33838
33840
33841
33842
33843
33846
33866
33914
33915
33953
33962
33980
33985
33986
33987
33988
33995
33998
34005
34006
34007
34008
34009
34011
34014
34016
34017
34018
34019
34021
34022
34023
34024
34025
34032
34033
34034
34038
34039
34040
34041
34042
34043
34044
34045
34046
34047
34048
34049
34050
34051
34052
34053
34062
34068
34069
34070
34071
34072
34073
34074
34075
34076
34077
34078
34079
34080
34081
34082
34083
34084
34085
34086
34087
34088
34089
34090
34106
34107
34108
34110
34113
34114
34115
34116
34117
34120
34121
34142
34156
34157
34159
34160
34168
34174
34175
34176
34193
34194
34195
34196
34197
34198
34199
34200
34201
34202
34203
34204
34205
34206
34221
34222
34224
34225
34227
34231
34233
34234
34236
34237
34238
34240
34242
34243
34244
34245
34246
34249
34259
34268
34272
34284
34295
34301
34302
34303
34304
34305
34308
34320
34332
34334
34337
34346
34349
34351
34359
34360
34361
34362
34363
34374
34387
34392
34393
34394
34395
34396
34397
34398
34399
34400
34402
34403
34404
34405
34406
34407
34408
34409
34410
34411
34412
34413
34414
34415
34416
34417
34418
34419
34420
34421
34422
34423
34424
34425
34426
34427
34428
34433
34436
34445
34450
34457
34458
34459
34460
34461
34462
34463
34464
34465
34466
34467
34468
34469
34470
34471
34473
34474
34480
34482
34483
34485
34486
34487
34488
34489
34490
34491
34492
34493
34494
34495
34496
34497
34498
34499
34500
34501
34502
34503
34504
34505
34506
34507
34508
34509
34510
34511
34512
34513
34514
34515
34516
34517
34518
34519
34520
34521
34522
34523
34524
34525
34526
34528
34529
34530
34531
34532
34533
34534
34535
34536
34537
34538
34539
34540
34541
34542
34543
34544
34545
34546
34547
34548
34549
34555
34556
34557
34558
34559
34560
34561
34569
34570
34571
34572
34577
34586
34588
34600
34601
34602
34603
34604
34605
34606
34607
34608
34609
34610
34611
34612
34613
34614
34615
34616
34617
34618
34622
34628
34629
34636
34648
34655
34657
34701
34727
34730
34731
34739
34745
34750
34776
34779
34780
34816
34817
34836
34838
34840
34844
34845
34849
34850
34851
34857
34858
34863
34867
34872
34873
34882
34911
34918
34925
34927
34933
34936
34937
34939
34944
34948
34950
34955
34958
34982
34990
34993
34994
34996
;2019-04-17 (수) 08:50:15
35002
35015
35016
35017
35022
35038
35051
35064
35075
35080
35081
35105
35107
35109
35128
35130
35132
35137
35141
35145
35146
35147
35154
35155
35156
35157
35161
35164
35228
35231
35232
35238
35239
35240
35241
35242
35243
35244
35245
35246
35247
35248
35279
35280
35299
35307
35309
35313
35314
35315
35316
35318
35319
35321
35322
35323
35324
35326
35327
35328
35329
35330
35331
35332
35333
35335
35336
35337
35338
35339
35340
35341
35342
35344
35348
35351
35357
35367
35368
35373
35374
35382
35383
35393
35394
35416
35441
35453
35454
35455
35456
35457
35458
35459
35460
35466
35474
35481
35482
35496
35499
35506
35523
35524
35525
35526
35527
35546
35549
35649
35697
35699
35700
35701
35702
35703
35705
35706
35707
35708
35709
35724
35725
35738
35739
35757
35758
35759
35762
35782
35783
35800
35801
35802
35803
35820
35821
35822
35823
35824
35825
35826
35827
35828
35829
35830
35837
35854
35862
35867
35882
35883
35884
35885
35886
35888
35926
35928
35929
35930
35931
35932
35933
35935
35936
35937
35938
35939
35940
35941
35942
35948
35949
35950
35951
35952
35953
35954
35955
35956
35957
35958
35959
35977
35982
35983
35984
35985
35986
35987
35988
35989
35990
35991
35993
35994
35995
35996
35997
35998
35999
36004
36007
36031
36045
36129
36130
36131
36132
36133
36134
36135
36136
36137
36138
36139
36140
36141
36142
36143
36144
36145
36191
36211
36255
36256
36257
36258
36259
36260
36261
36262
36263
36265
36266
36267
36268
36269
36270
36271
36276
36307
36320
36321
36322
36323
36324
36325
36326
36327
36328
36329
36330
36331
36332
36335
36339
36340
36342
36343
36359
36378
36379
36380
36381
36391
36392
36393
36394
36395
36396
36397
36398
36399
36400
36401
36414
36415
36418
36419
36420
36421
36422
36423
36424
36425
36426
36427
36428
36452
36457
36458
36459
36460
36461
36462
36463
36476
36477
36478
36507
36513
36518
36519
36520
36521
36522
36523
36524
36529
36530
36535
36554
36565
36566
36567
36568
36569
36570
36571
36572
36573
36574
36575
36576
36577
36578
36579
36580
36581
36582
36584
36585
36587
36588
36589
36590
36595
36596
36597
36598
36599
36618
36619
36620
36621
36622
36625
36629
36648
36656
36657
36664
36665
36666
36667
36668
36669
36670
36673
36674
36677
36680
36681
36682
36683
36691
36697
36709
36710
36711
36712
36728
36742
36745
36746
36747
36748
36749
36750
36751
36762
36763
36770
36774
36803
36823
36824
36871
36872
36877
36879
36881
36882
36883
36884
36885
36886
36901
36905
36906
36907
36908
36909
36910
36911
36912
36913
36914
36915
36916
36917
36918
36919
36920
36921
36922
36923
36924
36925
36926
36927
36928
36929
36930
36931
36932
36934
36935
36936
36937
36938
36939
36940
36946
36947
36949
36950
36951
36952
36953
36954
36956
36957
36960
36962
36984
37021
37022
37023
37024
37025
37026
37027
37028
37029
37030
37031
37032
37033
37034
37035
37036
37037
37057
37058
37066
37068
37069
37070
37072
37075
37076
37078
37079
37080
37087
37095
37139
37169
37170
37194
37197
37207
37208
37209
37212
37254
37266
37273
37286
37287
37288
37289
37290
37291
37292
37293
37297
37298
37299
37300
37301
37303
37317
37367
37386
37388
37389
37390
37391
37419
37420
37444
37466
37474
37488
37489
37490
37491
37492
37493
37527
37578
37580
37605
37625
37626
37627
37628
37629
37634
37655
37693
37701
37702
37703
37709
37711
37713
37714
37716
37719
37720
37725
37726
37727
37728
37729
37730
37731
37732
37737
37747
37751
37752
37753
37754
37756
37759
37760
37761
37763
37764
37766
37767
37768
37770
37775
37776
37777
37778
37779
37780
37781
37782
37783
37784
37785
37786
37788
37789
37790
37791
37792
37793
37794
37795
37798
37800
37801
37802
37803
37804
37805
37815
37828
37830
37835
37845
37850
37853
37858
37873
37875
37876
37879
37887
37893
37895
37896
37897
37898
37899
37900
37923
37924
37941
37942
37960
38000
38001
38004
38006
38008
38015
38055
38056
38057
38060
38064
38065
38066
38067
38068
38069
38070
38071
38072
38073
38074
38075
38076
38077
38078
38079
38080
38081
38082
38083
38084
38085
38086
38087
38088
38089
38090
38096
38099
38136
38171
38176
38190
38191
38192
38193
38194
38196
38197
38200
38210
38256
38329
38330
38361
38376
38389
38546
38613
38636
38668
38669
38670
38671
38678
38718
38773
38775
38777
38779
38780
38781
38782
38783
38812
38949
38950
38997
39042
39043
39045
39046
39048
39049
39053
39059
39079
39098
39107
39121
39123
39141
39183
39224
39266
39288
39298
39334
39335
39338
39344
39345
39346
39347
39354
39355
39356
39357
39362
39364
39370
39371
39376
39378
39382
39383
39385
39386
39387
39388
39389
39390
39391
39392
39399
39403
39404
39405
39406
39407
39408
39409
39413
39414
39415
39416
39418
39419
39420
39442
39446
39448
39449
39453
39456
39457
39459
39460
39461
39462
39465
39466
39467
39468
39470
39471
39475
39476
39477
39478
39494
39495
39496
39497
39498
39499
39500
39501
39502
39503
39504
39505
39511
39512
39516
39518
39519
39520
39521
39522
39523
39524
39526
39531
39536
39544
39545
39546
39547
39548
39549
39550
39551
39571
39572
39573
39574
39607
39608
39609
39610
39611
39612
39633
39634
39635
39636
39637
39638
39639
39640
39641
39647
39648
39649
39650
39651
39652
39653
39654
39655
39656
39667
39668
39669
39677
39679
39680
39696
39697
39698
39699
39708
39713
39730
39733
39734
39735
39736
39737
39746
39769
39770
39808
39809
39810
39811
39812
39831
39833
39836
39843
39850
39851
39855
39871
39897
39898
39899
39900
39901
39902
39903
39904
39911
39914
39915
39922
39927
39955
39956
39957
39958
39959
39966
39990
;2019-04-26 (금) 21:25:04
40016
40017
40034
40040
40041
40059
40073
40074
40075
40076
40077
40078
40079
40083
40085
40113
40142
40165
40166
40167
40175
40236
40237
40238
40239
40285
40286
40287
40289
40290
40291
40293
40294
40295
40296
40297
40298
40300
40301
40302
40303
40304
40305
40312
40313
40314
40315
40316
40373
40374
40375
40376
40377
40378
40383
40384
40385
40386
40401
40402
40429
40431
40441
40455
40456
40457
40458
40459
40491
40532
40533
40534
40535
40536
40537
40697
40698
40699
40700
40701
40707
40708
40718
40719
40720
40721
40722
40723
40763
40764
40765
40766
40767
40768
40769
40770
40771
40772
40773
40774
40775
40776
40777
40778
40779
40784
40821
40852
40904
40917
40958
40959
40960
40961
40977
40984
40986
;2019-04-27 (토) 00:09:34
41050
41096
41097
41099
41100
41101
41107
41118
41119
41131
41417
41469
41470
41479
41487
;2019-05-24 (금) 13:06:12
41506
41507
41508
41509
41510
41511
41512
41520
41521
41526
41527
41528
41529
41534
41535
41558
41579
41580
41629
41630
41631
41632
41633
41634
41635
41636
41638
41639
41640
41641
41705
41706
41707
41708
41709
41710
41711
41712
41713
41714
41715
41716
41717
41719
41752
41765
41766
41781
41807
41808
41810
41811
41822
41824
41825
41843
41861
41878
41890
41896
41904
41905
41906
41907
41908
41909
41910
41911
41912
41913
41916
41927
41933
41935
41936
41957
41958
41959
41960
41961
41962
41963
41964
41965
41966
41967
42013
42031
42080
42089
42098
42112
42139
42157
42221
42237
42238
42239
42240
42241
42243
42255
42256
42257
42258
42265
42266
42267
42268
42269
42270
42271
42272
42273
42274
42276
42289
42311
42312
42313
42314
42316
42317
42330
42374
42375
42376
42377
42378
42404
42427
42437
42447
42484
42487
42488
42489
42490
42491
42492
42493
42494
42496
42497
42498
42499
;2019-06-03 (월) 09:29:07
42503
42505
42506
42554
42555
42586
42587
42588
42589
42603
42604
42605
42606
42607
42608
42609
42610
42611
42612
42613
42614
42615
42616
42617
42623
42632
42635
42636
42637
42638
42639
42640
42641
42642
42660
42661
42668
42669
42670
42671
42672
42673
42688
42689
42690
42691
42713
42714
42715
42716
42717
42718
42719
42720
42721
42722
42727
42731
42764
42765
42766
42770
42771
42772
42789
42790
42791
42794
42809
42810
42811
42827
42829
42830
42844
42845
42851
42867
42868
42869
42870
42872
42873
42899
42903
42904
42905
42906
42943
42958
42960
42962
42964
42976
42977
42978
42979
42993
42994
42996
42997
42998
42999
43000
;2019-06-11 (화) 09:24:40
43001
43002
43003
43004
43051
43052
43053
43070
43071
43082
43120
43121
43122
43123
43124
43125
43134
43152
43153
43171
43187
43188
43189
43190
43191
43208
43209
43210
43211
43212
43249
43251
43252
43254
43288
43297
43298
43300
43301
43305
43313
43314
43316
43318
43321
43323
43324
43335
43346
43347
43349
43350
43352
43354
43356
43362
43385
43409
43430
43431
43433
43434
43435
43436
43437
43438
43439
43440
43443
43451
43452
43453
43454
43455
43456
43457
43459
43460
43461
43462
43463
43464
43465
43466
43467
43468
43470
43471
43472
43473
43474
43475
43476
43477
43478
43479
43480
43481
43482
43483
43484
43485
43486
43487
43488
43489
43490
43491
43492
43493
43494
43495
43496
43497
43498
43499
43500
;2019-06-20 (목) 22:39:03
43504
43506
43507
43508
43509
43511
43512
43513
43514
43515
43516
43520
43526
43532
43533
43565
43567
43569
43579
43580
43581
43582
43616
43623
43652
43653
43655
43656
43671
43672
43673
43674
43724
43727
43756
43799
43801
43805
43807
43857
43862
43864
43910
43911
43928
43929
43930
43931
43932
43933
43934
43935
43936
43966
43967
43968
43969
43970
43973
43974
;2019-07-02 (화) 11:02:07
44008
44009
44010
44011
44012
44013
44024
44025
44026
44027
44028
44029
44043
44044
44045
44046
44047
44048
44049
44050
44051
44071
44072
44091
44099
44172
44196
44197
44204
44208
44215
44216
44222
44238
44262
44287
44289
44308
44313
44393
44395
44406
44407
44409
44410
44412
44433
44436
44484
44496
;2019-07-13 (토) 22:46:46
44520
44524
44527
44531
44536
44566
44571
44578
44585
44586
44600
44612
44613
44614
44653
44654
44711
44714
44779
44827
44884
44885
44886
44887
44888
44889
44932
44953
;2019-07-31 (수) 10:53:42
45062
45064
45078
45133
45138
45139
45141
45145
45175
45188
45215
45218
45279
45348
45396
45397
45398
45401
45402
;2019-09-24 (화) 11:12:52
45559
45560
45561
45562
45563
45564
45565
45566
45567
45568
45569
45570
45571
45572
45573
45574
45575
45576
45648
45655
45661
45663
45671
45684
45697
45698
45701
45702
45706
45727
45736
45737
45738
45739
45740
45741
45742
45743
45744
45745
45752
45779
45780
45810
45811
45812
45813
45814
45815
45816
45818
45819
45821
45822
45823
45917
;2019-09-24 (화) 11:15:05
46042
46047
46048
46049
46059
46061
46070
46071
46124
46195
46267
46277
46279
46360
46380
46381
46382
46384
46386
46387
46389
46396
46397
46398
46399
46400
46401
46402
46403
46404
46435
46459
46460
46461
46462
46463
46464
46479
;2019-09-24 (화) 11:16:08
46510
46538
46539
46540
46543
46545
46564
46565
46587
46616
46617
46624
46625
46631
46632
46654
46656
46657
46659
46661
46677
46678
46679
46750
46752
46756
46757
46758
46788
46794
46799
46805
46811
46813
46815
46842
46843
46844
46845
46852
46853
46854
46859
46880
46882
46883
46884
46887
46889
46890
46929
46938
46956
46986
46988
46989
46990
;2019-09-24 (화) 11:17:40
47004
47011
47012
47013
47049
47084
47100
47106
47107
47125
47129
47154
47168
47170
47171
47172
47173
47183
47191
47192
47193
47214
47215
47222
47223
47224
47225
47227
47238
47239
47240
47241
47242
47243
47244
47245
47246
47248
47249
47250
47251
47252
47254
47255
47256
47257
47259
47261
47262
47263
47264
47265
47266
47267
47292
47319
47320
47321
47322
47323
47324
47328
47329
47340
47343
47347
47362
47363
47403
47411
47436
47437
47438
47439
47440
47441
47442
47443
47444
47445
47446
47447
47448
47449
47450
47451
47452
47453
47488
47489
47493
47494
;2019-11-01 (금) 11:43:23
47506
47508
47510
47516
47517
47518
47528
47600
47601
47602
47603
47604
47605
47606
47620
47621
47622
47623
47625
47626
47627
47636
47637
47638
47639
47645
47658
47670
47671
47684
47686
47687
47688
47689
47690
47691
47692
47693
47694
47695
47703
47848
47928
47995
47996
47997
;2019-11-01 (금) 11:44:52
48019
48020
48021
48022
48023
48024
48025
48033
48053
48067
48072
48074
48075
48076
48077
48078
48088
48089
48090
48091
48092
48093
48095
48096
48097
48098
48099
48100
48101
48102
48103
48187
48188
48190
48191
48192
48193
48194
48195
48196
48200
48201
48203
48266
48268
48288
48334
48360
48377
48389
48390
48391
48392
48393
48394
48423
48431
48447
48450
48451
48458
48459
48463
48464
48465
48485
48488
48493
48496
48497
48498
48499
;2019-11-01 (금) 11:47:47
48502
48505
48506
48524
48541
48542
48543
48544
48575
48598
48600
48633
48634
48694
48696
48697
48699
48714
48716
48717
48718
48719
48720
48721
48723
48724
48725
48726
48727
48739
48741
48778
48779
48780
48781
48784
48895
48902
48903
48906
48909
48920
48921
48923
48924
48962
48992
;2019-12-06 (금) 22:36:05
49022
49025
49055
49065
49101
49102
49104
49147
49149
49176
49180
49181
49182
49184
49186
49188
49189
49191
49192
49193
49194
49195
49200
49202
49203
49204
49205
49206
49207
49209
49210
49211
49244
49245
49246
49247
49248
49249
49250
49283
49311
49332
49333
49334
49337
49343
49444
49445
49446
49447
49448
49449
49450
49451
49459
49479
49490
;2019-12-06 (금) 22:37:31
49646
49686
49759
49773
49819
49878
49914
49934
49954
49962
49963
49964
49965
49966
49967
49968
49969
49970
49971
49972
49973
49974
49975
49976
49977
49978
49979
49980
49987
49988
49991
49992
49993
49994
49995
49996
49997
49998
;2019-12-18 (수) 21:51:02
50023
50025
50026
50034
50035
50036
50043
50053
50055
50070
50079
50093
50099
50100
50102
50103
50106
50125
50135
50136
50137
50168
50169
50170
50171
50173
50174
50175
50176
50177
50187
50219
50227
50229
50234
50235
50236
50237
50246
50252
50256
50257
50259
50262
50281
50301
50321
50357
50382
50385
50386
50388
50391
50396
50398
50399
50404
50406
50414
50416
50421
50434
50435
50436
50437
50439
50440
50456
50478
50479
50480
50481
50482
;2020-01-20 (월) 21:55:58
50506
50507
50524
50525
50526
50528
50557
50558
50560
50565
50583
50589
50590
50591
50592
50593
50609
50610
50639
50640
50657
50661
50663
50664
50665
50678
50679
50680
50684
50692
50693
50698
50700
50706
50756
50835
50836
50837
50838
50871
50878
50879
50903
50942
50957
50958
50959
50986
50987
50988
;2020-01-20 (월) 21:57:11
51028
51029
51030
51031
51032
51033
51036
51037
51051
51061
51062
51063
51143
51144
51146
51151
51152
51153
51154
51155
51156
51161
51162
51170
51171
51172
51178
51183
51217
51218
51237
51238
51242
51243
51244
51245
51246
51305
51306
51308
51312
51315
51318
51324
51353
51356
51364
51367
51384
51385
51386
;2020-02-04 (화) 11:17:47
51524
51525
51556
51557
51558
51559
51560
51561
51562
51564
51565
51566
51567
51568
51569
51571
51572
51573
51671
51672
51673
51674
51675
51676
51677
51692
51693
51710
51711
51712
51713
51714
51716
51717
51718
51719
51720
51721
51722
51723
51724
51730
51731
51732
51735
51736
51749
51750
51757
51875
51876
51877
51878
51880
51881
51888
51899
51935
51966
51968
51969
51975
;2020-02-29 (토) 00:12:21
52072
52074
52106
52181
52221
52222
52223
52224
52225
52254
52255
52273
52292
52294
52326
52328
52329
52331
52337
52392
52393
52400
52401
52420
52423
52424
52425
52426
52427
52488
;2020-03-05 (목) 01:07:34
52521
52522
52523
52524
52525
52526
52531
52532
52533
52534
52535
52536
52537
52538
52539
52540
52541
52542
52544
52545
52546
52547
52548
52549
52550
52551
52552
52553
52554
52555
52556
52705
52706
52707
52733
52737
52754
52785
52791
52800
52813
52828
52829
52831
52863
52872
52892
52893
52909
52913
52916
52923
52927
52979
52980
52982
;2020-04-09 (목) 09:17:35
53052
53065
53066
53071
53079
53084
53085
53087
53088
53089
53090
53091
53092
53093
53094
53095
53124
53125
53165
53166
53190
53196
53199
53235
53238
53239
53252
53262
53263
53281
53359
53361
53365
53366
53368
53369
53370
53376
53381
53399
53403
53404
53405
53406
53407
53408
53414
53415
53416
53425
53461
53462
53463
53464
53465
53466
53470
53472
53473
53474
53482
53483
53488
53491
;2020-04-09 (목) 09:18:21
53508
53509
53510
53511
53512
53513
53514
53546
53590
53591
53592
53593
53630
53637
53638
53639
53640
53641
53642
53648
53669
53677
53678
53679
53680
53681
53682
53686
53687
53728
53769
53771
53772
53774
53778
53779
53799
53802
53804
53828
53829
53831
53832
53833
53835
53850
53851
53852
53853
53854
53855
53856
53857
53858
53859
53860
53861
53863
53866
53868
53869
53872
53874
53889
53890
53891
53896
53911
53915
53928
53929
53964
54000
;2020-06-03 (수) 11:12:33
54009
54010
54011
54032
54044
54076
54127
54138
54147
54148
54149
54150
54151
54155
54186
54189
54192
54194
54195
54196
54197
54198
54199
54200
54201
54202
54219
54223
54241
54242
54243
54249
54250
54251
54275
54276
54277
54280
54285
54286
54287
54317
54319
54342
54346
54366
54416
54417
54418
54419
54420
54421
54422
54423
54424
54425
54426
54427
54428
54429
54430
54431
54432
54433
54434
54435
54436
54437
54450
54451
54452
54453
54454
54455
54457
54458
54459
54460
54461
54463
54473
54491
;2020-06-03 (수) 11:14:01
54511
54512
54531
54532
54534
54535
54536
54539
54540
54541
54542
54555
54557
54558
54585
54586
54587
54588
54589
54592
54633
54697
54698
54699
54700
54710
54727
54746
54757
54773
54775
54793
54797
54811
54823
54831
54881
54913
54920
54953
54954
54955
54956
54957
54959
54960
54961
54962
54963
54964
54965
54966
;2020-06-03 (수) 11:15:38
55050
55088
55089
55090
55091
55092
55093
55094
55095
55096
55097
55098
55100
55101
55103
55104
55105
55106
55107
55109
55110
55111
55112
55128
55129
55158
55159
55160
55161
55163
55164
55165
55198
55199
55265
55266
55267
55282
55314
55319
55334
55335
55336
55337
55338
55339
55340
55347
55362
55401
55402
55403
55404
55422
55423
55424
55425
55426
55427
55428
55452
55454
55455
55482
55492
55493
55494
;2020-06-03 (수) 11:18:29
55504
55505
55506
55520
55524
55533
55551
55552
55554
55555
55556
55557
55558
55559
55560
55562
55565
55566
55567
55568
55570
55571
55572
55573
55574
55575
55576
55586
55591
55592
55611
55612
55613
55615
55616
55617
55618
55619
55620
55621
55622
55623
55696
55697
55698
55699
55700
55723
55724
55725
55726
55727
55728
55729
55730
55731
55732
55744
55745
55746
55747
55748
55749
55750
55751
55752
55761
55762
55775
55788
55790
55791
55792
55793
55794
55797
55798
55799
55817
55821
55838
55846
55848
55852
55863
55864
55865
55867
55887
55889
55906
55927
55928
55932
55944
55992
55993
55994
;2020-06-06 (토) 00:27:14
56001
56002
56003
56009
56031
56032
56033
56034
56035
56037
56038
56039
56040
56041
56056
56057
56058
56064
56078
56079
56080
56081
56082
56083
56093
56099
56100
56101
56125
56138
56139
56140
56141
56142
56143
56144
56145
56146
56147
56152
56161
56167
56176
56177
56178
56179
56180
56181
56182
56183
56184
56185
56186
56187
56188
56191
56209
56210
56213
56216
56217
56218
56219
56220
56221
56222
56223
56224
56225
56226
56227
56228
56230
56232
56233
56234
56235
56238
56239
56240
56242
56243
56244
56245
56246
56251
56256
56275
56276
56277
56278
56279
56282
56297
56298
56299
56300
56301
56302
56310
56311
56312
56313
56315
56316
56317
56318
56319
56320
56336
56337
56338
56339
56340
56341
56342
56343
56344
56345
56346
56347
56354
56355
56357
56359
56361
56380
56381
56382
56384
56385
56386
56388
56389
56422
56424
56425
56430
56439
56455
56456
56457
56458
56459
56460
56478
56479
56480
56481
56482
56483
56484
56485
56493
56496
;2020-06-25 (목) 12:47:51
56506
56507
56514
56515
56516
56517
56518
56551
56553
56554
56555
56557
56558
56559
56560
56561
56562
56563
56564
56565
56567
56585
56588
56591
56601
56602
56603
56604
56605
56606
56607
56609
56610
56611
56624
56629
56638
56639
56640
56641
56642
56643
56644
56645
56646
56647
56667
56672
56673
56675
56676
56677
56678
56679
56729
56738
56739
56740
56741
56742
56743
56744
56745
56746
56747
56749
56752
56753
56754
56755
56756
56812
56813
56814
56815
56816
56817
56818
56819
56820
56821
56836
56838
56901
56902
56903
56904
56905
56906
56907
56908
56909
56910
56911
56912
56913
56914
56915
56954
56955
56956
56958
56959
56960
56961
56962
56963
56964
56965
56966
56967
56968
56978
56979
56980
56981
56982
56983
56985
56987
56988
56989
56990
56991
56995
56997
56998
56999
57000
;2020-06-25 (목) 12:52:37
57015
57016
57017
57018
57019
57020
57021
57022
57023
57025
57026
57027
57028
57029
57030
57031
57032
57033
57034
57035
57036
57037
57038
57041
57043
57044
57045
57046
57047
57048
57049
57050
57051
57052
57053
57054
57055
57056
57057
57058
57074
57075
57076
57077
57078
57079
57080
57081
57129
57145
57153
57168
57169
57170
57171
57172
57189
57213
57214
57215
57220
57221
57222
57223
57224
57225
57228
57238
57239
57263
57272
57274
57281
57289
57306
57307
57308
57309
57310
57311
57312
57313
57314
57315
57316
57317
57318
57320
57321
57322
57323
57324
57325
57326
57327
57328
57329
57330
57331
57332
57333
57334
57335
57337
57350
57357
57363
57364
57365
57366
57367
57368
57369
57376
57377
57378
57379
57381
57383
57384
57385
57386
57387
57388
57389
57390
57397
57399
57406
57407
57408
57409
57458
57466
57467
57468
57469
57470
57483
57486
57500
;2020-07-10 (금) 16:54:19
57503
57511
57512
57513
57516
57517
57518
57528
57529
57532
57533
57536
57543
57544
57547
57566
57575
57594
57611
57626
57676
57711
57712
57721
57744
57749
57752
57754
57755
57757
57758
57760
57761
57772
57773
57804
57805
57806
57807
57808
57809
57810
57811
57812
57813
57821
57822
57823
57824
57825
57826
57827
57828
57829
57830
57831
57842
57855
57912
57913
57914
57915
57916
57917
57918
57919
57920
57921
57922
57923
57941
57942
57943
57956
57957
57958
57959
57983
57984
57989
57990
57991
57992
57993
57994
57995
57996
57997
;2021-06-20 (일) 02:29:39
58016
58017
58023
58039
58052
58053
58054
58055
58056
58057
58058
58059
58060
58061
58062
58069
58070
58071
58072
58073
58074
58075
58082
58099
58128
58129
58130
58131
58132
58133
58134
58135
58136
58137
58138
58139
58140
58141
58142
58173
58245
58246
58247
58248
58269
58284
58285
58286
58287
58288
58289
58290
58291
58365
58366
58367
58368
58369
58370
58371
58372
58373
58411
58414
58415
58416
58417
58418
58419
58420
58421
58422
58423
58424
58425
58426
58427
58495
;2021-06-20 (일) 02:37:35
58515
58516
58517
58518
58519
58520
58521
58522
58523
58524
58525
58526
58527
58553
58554
58555
58556
58557
58558
58559
58560
58561
58562
58563
58564
58566
58567
58600
58618
58619
58620
58621
58622
58623
58626
58627
58635
58653
58655
58656
58657
58658
58659
58681
58682
58683
58684
58685
58686
58688
58689
58690
58691
58692
58693
58694
58695
58749
58767
58796
58797
58798
58799
58800
58801
58802
58803
58804
58805
58806
58807
58808
58809
58848
58849
58877
58878
58879
58880
58881
58882
58883
58884
58885
58886
58887
58888
58910
58911
58912
58927
58929
58936
58940
58953
58954
58956
58965
58976
;2021-06-20 (일) 02:42:12
59003
59004
59005
59006
59007
59008
59009
59034
59035
59036
59037
59038
59039
59041
59042
59043
59044
59045
59046
59056
59057
59058
59109
59141
59142
59143
59144
59145
59146
59147
59148
59149
59150
59151
59152
59153
59154
59155
59181
59182
59183
59184
59185
59186
59188
59189
59190
59191
59192
59193
59194
59195
59229
59230
59231
59232
59233
59263
59264
59314
59315
59316
59317
59318
59319
59320
59321
59322
59335
59337
59338
59339
59340
59341
59342
59343
59344
59345
59346
59347
59348
59349
59350
59351
59352
59354
59363
59368
59371
59372
59373
59374
59375
59399
59437
59438
59439
59440
59441
59442
59443
59444
59445
59446
59457
59459
59470
59480
59485
;2021-06-20 (일) 02:44:57
59507
59508
59520
59531
59532
59541
59543
59544
59545
59552
59553
59577
59578
59579
59580
59581
59584
59587
59596
59608
59612
59647
59648
59649
59650
59651
59652
59653
59654
59655
59656
59667
59668
59670
59671
59696
59697
59698
59699
59700
59701
59762
59764
59798
59799
59817
59818
59819
59820
59822
59823
59824
59825
59875
59876
59996
59997
59998
60000
;2021-06-20 (일) 02:51:20
60021
60077
60078
60079
60118
60119
60134
60173
60193
60194
60195
60206
60220
60247
60323
60324
60365
60405
60406
60444
60540
60541
60542
60543
60551
60603
60604
60628
60633
60653
60775
60792
60796
60816
60817
60838
60839
60841
60846
60853
60859
60861
60868
60883
60898
60939
60971
60991
60997
61013
61014
61018
61078
61079
61084
61085
61107
61108
61170
61191
61192
61210
61211
61212
61243
61244
61245
61246
61247
61248
61249
61250
61251
61284
61285
61286
61288
61301
61302
61303
61304
61313
61314
61325
61326
61327
61328
61357
61358
61359
61360
61421
61449
61517
61534
61599
61610
61623
61661
61669
61670
61673
61748
61759
61760
61793
61870
61874
61881
61943
62050
62101
62113
62116
62168
62321
62332
62334
62341
62407
62437
62438
62439
62440
62441
62442
62443
62565
62585
62691
62692
62876
62877
62878
62879
62880
62881
62882
62891
62892
62893
62894
62895
62896
62897
62906
62907
62945
62960
62973
62987
62988
62989
62990
62991
62992
62993
62994
63017
63018
63019
63020
63021
63022
63023
63024
63025
63026
63027
63028
63031
63032
63033
63038
63039
63040
63041
63042
63043
63056
63057
63058
63059
63060
63087
63097
63106
63107
63109
63150
63151
63156
63161
63167
63176
63177
63181
63193
63228
63229
63230
63247
63249
63250
63252
63253
63331
63332
63333
63352
63353
63354
63355
63362
63364
63380
63381
63382
63438
63440
63441
63442
63443
63444
63445
63447
63450
63484
63486
63488
63494
63495
63496
63497
63498
63499
63500
63501
63502
63507
63511
63512
63517
63523
63525
63535
63536
63537
63538
63539
63541
63543
63576
63581
63606
63607
63610
63644
63662
63684
63687
63692
63693
63694
63723
63738
63741
63746
63755
63763
63767
63770
63782
63811
63816
63819
63982
63988
63989
63990
64020
64088
64105
64150
64194
64228
64230
64233
64234
64305
64324
64370
64469
64490
64530
64568
64673
64681
64696
64735
64742
64743
64756
64760
64785
64786
64788
64794
64849
64862
64865
64876
64916
64934
64937
64984
65024
65057
65151
65190
65198
65206
65299
65323
65341
65342
65349
65352
65425
65489
65527
65544
65545
65550
65558
65559
65560
65562
65563
65564
65570
65571
65572
65588
65589
65592
65595
65607
65610
65611
65615
65633
65635
65638
65639
65661
65718
65719
65744
65747
65760
65764
65765
65783
65784
65804
65839
65840
65867
65868
65869
65870
65895
65924
65926
65946
66024
66071
66072
66073
66074
66075
66107
66131
66134
66144
66148
66158
66161
66193
66194
66203
66225
66245
66262
66278
66283
66299
66300
66314
66315
66324
66331
66332
66335
66347
66352
66359
66360
66361
66366
66368
66369
66373
66407
66422
66423
66437
66457
66469
66470
66475
;2021-07-16 (금) 12:44:53
66519
66542
66602
66603
66614
66626
66642
66643
66644
66645
66646
66647
66648
66649
66650
66651
66652
66653
66654
66655
66698
66797
66805
66813
66815
66817
66818
66842
66875
66892
66893
66894
66914
66915
66916
66917
66918
66919
66920
66921
66922
66923
66924
66925
66926
66927
66928
66929
66931
66932
66985
;2021-08-05 (목) 14:23:50
67033
67034
67035
67036
67037
67038
67061
67065
67066
67067
67068
67079
67080
67140
67164
67172
67173
67174
67177
67218
67240
67241
67245
67248
67250
67251
67252
67253
67255
67256
67274
67329
67330
67331
67334
67351
67412
67414
67415
67462
67463
67475
67476
67478
67479
67480
67482
67494
67496
;2021-08-27 (금) 11:00:55
67509
67510
67511
67512
67513
67514
67533
67534
67535
67570
67594
67595
67646
67674
67675
67684
67685
67686
67741
67742
67755
67757
67758
67759
67800
67801
67802
67803
67804
67812
67876
67877
67879
67880
67892
67895
67898
67907
67931
67969
67992
67993
67994
67996
;2021-09-03 (금) 10:38:38
68052
68102
68106
68148
68183
68223
68224
68268
68269
68270
68272
68338
68355
68357
68358
68359
68361
68362
68364
68366
68368
68369
68370
68371
68372
68373
68379
68380
68389
;2021-09-17 (금) 21:56:44
68535
68536
68537
68538
68539
68540
68541
68542
68543
68544
68545
68557
68558
68559
68560
68561
68562
68565
68569
68582
68594
68596
68597
68598
68600
68605
68606
68607
68608
68619
68621
68629
68630
68639
68641
68642
68643
68651
68657
68658
68666
68668
68670
68671
68672
68673
68674
68675
68676
68677
68678
68679
68680
68681
68696
68697
68698
68699
68700
68701
68702
68703
68704
68705
68706
68707
68711
68712
68713
68714
68715
68716
68717
68718
68719
68720
68721
68722
68723
68724
68725
68726
68728
68729
68730
68731
68736
68737
68738
68739
68740
68741
68742
68743
68744
68745
68746
68747
68748
68749
68750
68751
68752
68753
68754
68755
68756
68757
68759
68761
68771
68772
68773
68774
68775
68776
68778
68779
68781
68782
68783
68784
68785
68786
68787
68788
68789
68791
68792
68793
68794
68795
68796
68802
68807
68822
68826
68827
68828
68833
68851
68852
68855
68861
68862
68863
68864
68866
68868
68872
68881
68882
68885
68890
68891
68892
68893
68907
68908
68909
68910
68911
68928
68953
68954
68955
68957
68976
68978
68979
68981
68985
68989
68992
68994
68995
68996
;2021-10-05 (화) 02:31:54
69002
69003
69005
69006
69010
69024
69026
69027
69031
69032
69033
69041
69048
69049
69054
69056
69059
69060
69061
69062
69063
69064
69065
69066
69067
69068
69074
69082
69083
69084
69085
69088
69089
69090
69091
69092
69117
69123
69124
69125
69126
69135
69168
69191
69192
69194
69197
69199
69213
69214
69238
69241
69252
69253
69254
69255
69256
69257
69258
69259
69260
69261
69277
69298
69299
69300
69301
69302
69303
69304
69305
69306
69307
69308
69309
69310
69311
69312
69313
69405
69406
69407
69408
69409
69410
69411
69418
69419
69428
69448
69480
69488
69489
69493
69494
69495
69496
69497
69498
69499
69500
;2021-11-01 (월) 23:35:07
69502
69512
69550
69554
69560
69583
69584
69585
69594
69609
69628
69681
69682
69683
69684
69685
69686
69690
69692
69693
69694
69699
69700
69701
69702
69705
69713
69728
69729
69737
69738
69746
69747
69748
69750
69751
69752
69787
69792
69795
69818
69872
69890
69932
69965
69966
69974
69976
69977
69978
69982
69986
69987
69988
69993
69994
;2021-11-27 (토) 15:50:18
70015
70055
70057
70085
70086
70115
70127
70128
70168
70169
70229
70231
70233
70250
70251
70254
70255
70258
70262
70263
70264
70265
70266
70267
70289
70291
70292
70293
70294
70308
70309
70311
70312
70313
70314
70315
70316
70318
70319
70320
70321
70322
70324
70325
70335
70336
70337
70338
70339
70341
70342
70344
70345
70349
70354
70357
70358
70359
70360
70361
70362
70368
70373
70413
70434
70435
70436
70454
70455
70456
70457
70458
70459
70460
70461
70462
70473
70474
70561
70562
70563
70574
70575
70646
70650
70675
70996
70997
;2022-01-13 (목) 16:25:12
71010
71012
71065
71126
71163
71180
71236
71241
71274
71275
71276
71277
71279
71281
71283
71284
71285
71306
71352
71353
71362
71379
71381
71382
71383
71384
71385
;2022-01-13 (목) 16:25:55
71530
71531
71532
71591
71599
71600
71615
71640
71646
71648
71649
71652
71734
71771
71934
71935
71946
71953
71991
;2022-01-13 (목) 16:26:56
72028
72113
72123
72174
72282
72335
72386
72387
72413
72449
72450
72451
72498
72500
;2022-01-13 (목) 17:06:40
72539
72547
72579
72590
72608
72610
72611
72612
72613
72617
72622
72625
72636
72648
72653
72654
72660
72705
72709
72724
72725
72726
72728
72729
72730
72731
72733
72734
72735
72736
72738
72739
72740
72741
72742
72748
72751
72755
72757
72758
72759
72761
72762
72803
72808
72809
72831
72832
72833
72834
72838
72840
72842
72843
72845
72847
72859
72861
72870
72925
72940
72966
72986
;2022-02-01 (화) 16:33:07
73025
73079
73080
73081
73082
73084
73085
73086
73087
73088
73089
73090
73130
73131
73139
73140
73141
73148
73151
73152
73153
73154
73155
73156
73157
73158
73159
73160
73161
73200
73202
73204
73214
73238
73239
73240
73247
73287
73288
73290
73292
73293
73294
73306
73335
73352
73353
73373
73407
73436
73445
73446
73447
73448
73449
73450
73451
73452
73453
73454
73455
73456
;2022-02-24 (목) 02:29:56
73615
73616
73646
73685
73707
73759
73760
73770
73772
73773
73828
73843
73874
73875
73885
73924
74001
74028
74047
74090
74093
74098
74104
74105
74204
74227
74241
74251
74285
74302
;2022-03-01 (화) 15:32:12
74507
74618
74656
74697
74724
74756
74849
74923
74926
74967
;2022-03-15 (화) 03:03:12
75053
75054
75055
75056
75072
75104
75105
75107
75114
75116
75117
75120
75132
75134
75137
75139
75143
75162
75174
75176
75177
75190
75194
75199
75200
75201
75203
75213
75214
75230
75234
75248
75249
75250
75258
75262
75269
75270
75284
75286
75289
75292
75295
75313
75314
75329
75333
75340
75341
75374
75376
75384
75393
75396
75414
75427
75431
75443
75445
75448
75465
75466
75467
75480
75485
75487
75491
;2022-03-23 (수) 15:43:03
75503
75527
75528
75529
75543
75555
75569
75620
75624
75626
75637
75638
75640
75653
75658
75686
75687
75718
75766
75770
75775
75780
75782
75786
75788
75790
75793
75799
75817
75820
75851
75860
75861
75863
75865
75891
75892
75893
75894
75910
75913
75918
75934
75952
75970
75972
75990
75992
;2022-04-04 (월) 06:03:00
76002
76003
76014
76031
76057
76068
76076
76077
76115
76143
76144
76145
76146
76147
76148
76165
76166
76168
76173
76178
76194
76219
76220
76221
76222
76223
76224
76225
76237
76247
76248
76249
76250
76251
76252
76253
76254
76255
76256
76268
76269
76270
76271
76273
76274
76275
76276
76278
76279
76280
76281
76282
76283
76284
76285
76286
76287
76288
76321
76322
76323
76324
76325
76326
76327
76340
;2022-05-02 (월) 12:10:36
76503
76504
76505
76506
76507
76508
76509
76510
76511
76516
76533
76575
76577
76584
76591
76592
76594
76595
76596
76597
76598
76599
76621
76629
76642
76698
76699
76722
76737
76742
76743
76744
76746
76747
76748
76749
76783
76802
76840
76841
76842
76867
76881
76896
76898
76899
76900
76951
76958
76977
76997
;2022-05-14 (토) 14:29:55
77005
77006
77035
77036
77045
77061
77062
77064
77066
77067
77074
77132
77151
77153
77154
77160
77161
77186
77189
77201
77219
77220
77221
77222
77223
77239
77240
77241
77246
77247
77271
77280
77281
77305
77322
77338
77339
77362
77364
77365
77366
77367
77368
77384
77386
77431
77432
77437
77438
77472
77473
77474
77475
77476
;2022-06-05 (일) 22:09:54
77502
77507
77515
77535
77536
77538
77539
77542
77543
77545
77547
77553
77555
77571
77574
77575
77602
77604
77605
77609
77628
77634
77636
77647
77652
77654
77656
77658
77659
77662
77663
77682
77688
77713
77717
77720
77759
77762
77763
77768
77784
77787
77789
77792
77803
77804
77808
77810
77812
77817
77819
77869
77998
;2022-07-02 (토) 21:24:34
78002
78003
78014
78021
78022
78024
78030
78050
78071
78125
78143
78144
78145
78151
78161
78162
78166
78170
78172
78176
78181
78182
78183
78184
78185
78186
78187
78191
78192
78207
78208
78213
78217
78221
78232
78235
78239
78240
78247
78248
78249
78250
78253
78274
78276
78284
78286
78300
78301
78302
78322
78332
78337
78363
78364
78365
78368
78369
78373
78380
78404
78405
78406
78407
78408
78409
78410
78417
78418
78423
78426
78436
78437
78439
78455
78456
78469
78470
78471
78473
78476
78478
78484
78494
78495
78496
;2022-08-02 (화) 21:54:35
78543
78552
78561
78585
78588
78593
78594
78595
78596
78604
78605
78606
78607
78616
78617
78618
78623
78631
78637
78640
78641
78644
78645
78656
78657
78681
78682
78696
78715
78747
78754
78755
78756
78761
78772
78775
78776
78787
78789
78791
78793
78821
78822
78838
78892
78916
78917
78924
78964
78965
78966
78967
;2022-08-16 (화) 22:48:44
79019
79020
79021
79045
79047
79048
79050
79061
79062
79129
79131
79132
79195
79196
79198
79199
79200
79218
79219
79270
79330
79331
79362
79366
79395
79443
79477
;2022-08-31 (수) 12:47:23
79510
79531
79564
79568
79576
79577
79578
79604
79634
79649
79652
79670
79722
79723
79724
79725
79742
79746
79747
79749
79751
79752
79778
79780
79781
79782
79783
79785
79786
79790
79791
79795
79796
79797
79802
79803
79805
79806
79807
79808
79816
79818
79819
79823
79824
79825
79826
79832
79833
79835
79836
79838
79849
79850
79867
79871
79872
79873
79887
79893
79894
79895
79896
79897
79901
79904
79905
79906
79908
79932
79933
79934
79935
79937
79938
79939
79940
79941
79942
79949
79989
79990
79991
;2022-09-30 (금) 16:21:40
80024
80025
80027
80028
80029
80030
80034
80035
80089
80091
80092
80093
80095
80096
80098
80099
80100
80101
80103
80104
80105
80106
80107
80108
80109
80110
80131
80132
80133
80134
80135
80136
80156
80157
80158
80159
80161
80162
80163
80164
80168
80174
80175
80176
80177
80180
80182
80217
80218
80219
80220
80223
80224
80234
80244
80245
80261
80264
80274
80307
80331
80332
80333
80334
80335
80336
80337
80338
80339
80340
80341
80361
80362
80363
80364
80365
80375
80377
80381
80382
80383
80386
80410
80411
80412
80413
80414
80415
80419
80423
80425
80445
80446
80448
80449
80450
80452
80454
80455
80456
80457
80467
80470
80471
80474
80475
80476
80478
80494
80503
80506
80523
80524
80555
80579
80580
80581
80582
80587
80588
80595
80607
80608
80609
80610
80612
80630
80661
80663
80664
80665
80667
80669
80670
80671
80672
80673
80674
80675
80677
80679
80726
80742
80744
80765
80774
80776
80871
80978
80990
;2022-10-11 (화) 12:32:09
81013
81014
81015
81016
81018
81019
81037
81038
81050
81051
81052
81054
81058
81060
81063
81064
81065
81066
81067
81068
81073
81075
81076
81078
81085
81086
81087
81088
81089
81090
81091
81097
81098
81110
81111
81112
81135
81136
81137
81138
81139
81140
81144
81150
81160
81161
81163
81164
81165
81166
81189
81190
81191
81192
81193
81194
81195
81196
81197
81198
81199
81200
81212
81217
81218
81219
81220
81222
81223
81225
81226
81228
81235
81236
81238
81239
81257
81261
81262
81263
81264
81277
81278
81279
81281
81282
81283
81284
81286
81296
81298
81299
81300
81302
81305
81306
81307
81308
81309
81310
81314
81315
81323
81330
81331
81332
81333
81334
81335
81336
81349
81361
81362
81365
81366
81367
81373
81374
81375
81376
81377
81378
81379
81391
81394
81396
81398
81399
81401
81402
81404
81405
81406
81407
81410
81411
81412
81429
81430
81431
81434
81435
81436
81439
81447
81448
81453
81454
81455
81456
81457
81458
81461
81462
81463
81464
81465
81466
81471
81476
81477
81478
81479
81481
81483
81484
81485
81486
81487
81488
81491
81492
81493
81494
81495
81497
81498
81499
;2022-11-09 (수) 00:57:17
81523
81532
81533
81535
81536
81538
81539
81541
81543
81544
81546
81548
81549
81550
81556
81561
81563
81564
81566
81567
81568
81581
81582
81583
81584
81587
81588
81589
81590
81594
81595
81596
81603
81604
81630
81631
81632
81633
81635
81636
81637
81644
81657
81658
81659
81660
81661
81662
81679
81680
81681
81682
81683
81700
81701
81702
81703
81704
81705
81706
81707
81733
81734
81735
81736
81757
81758
81759
81760
81761
81762
81763
81764
81767
81774
81775
81776
81777
81778
81790
81791
81792
81793
81794
81795
81796
81797
81798
81799
81800
81801
81806
81807
81822
81825
81826
81855
81857
81858
81859
81860
81861
81862
81863
81890
81891
81892
81904
81905
81906
81907
81909
81910
81911
81914
81915
81916
81917
81918
81922
81923
81924
81925
81926
81951
81975
81985
81986
81987
81988
81989
81990
81991
81997
;2022-11-14 (월) 00:36:50
82045
82058
82059
82070
82071
82227
82228
82263
82265
82267
82268
82269
82270
82282
82289
82292
82294
82295
82296
82318
82320
82322
82324
82325
82326
82331
82332
82333
82334
82335
82349
82351
82352
82353
82354
82355
82356
82385
82386
82387
82389
82390
82396
82397
82398
82399
82400
82401
82403
82404
82405
82406
82407
82408
82460
82461
82462
82464
82466
82467
82468
82469
82472
;2022-12-12 (월) 10:03:37
82513
82554
82573
82574
82577
82578
82598
82599
82600
82601
82687
82701
82728
82742
82745
82746
82810
82811
82820
82842
82852
82870
82896
82897
82898
82899
82900
82901
82902
82966
82967
82988
82989
82990
82991
;2022-12-24 (토) 22:52:43
83002
83020
83021
83022
83026
83027
83028
83029
83030
83032
83050
83153
83176
83203
83205
83207
83210
83223
83225
83226
83232
83233
83234
83235
83261
83281
83283
83290
83291
83303
83327
83352
83370
83371
83396
83484
;2023-01-26 (목) 22:48:12
83501
83522
83523
83524
83525
83526
83550
83551
83552
83553
83554
83555
83556
83557
83559
83560
83562
83563
83564
83567
83573
83582
83583
83584
83585
83586
83587
83588
83590
83610
83611
83612
83613
83616
83618
83639
83640
83655
83656
83677
83705
83711
83712
83713
83813
83846
83848
83880
83884
83886
83887
83903
83924
83925
83970
83998
;2023-02-09 (목) 22:59:49
84147
84224
84226
84228
84241
84305
84306
84308
84310
84311
84336
84337
84353
84354
84355
84414
84415
84419
84420
84421
84422
84423
84431
84447
84448
84452
84453
84454
84455
84480
84481
84499
;2023-02-27 (월) 00:27:30
84502
84503
84504
84508
84518
84527
84528
84533
84623
84624
84625
84664
84672
84673
84674
84685
84686
84703
84750
84755
84758
84760
84844
84845
84846
84879
;2023-03-21 (화) 22:12:50
85015
85088
85113
85180
85198
85206
85222
85224
85225
85226
85227
85262
85264
85269
85274
85275
85276
85291
85297
85323
85332
85348
85349
85351
85352
85354
85355
85357
85361
85378
85388
85396
85397
85409
85410
85411
85419
85420
85421
85434
85457
85472
85475
85476
85477
85482
;2023-04-15 (토) 22:59:58
85524
85531
85537
85538
85539
85540
85541
85544
85570
85573
85574
85583
85588
85589
85596
85601
85603
85605
85607
85609
85624
85625
85698
85700
85733
85738
85739
85743
85758
85795
85833
85834
85836
85853
85855
85918
85944
85945
85946
85947
85950
85951
85977
85978
86000
;2023-05-04 (목) 11:18:57
86005
86007
86009
86053
86054
86055
86056
86064
86068
86069
86070
86076
86078
86079
86080
86091
86095
86104
86105
86106
86116
86118
86119
86129
86131
86132
86148
86152
86153
86155
86165
86170
86178
86179
86182
86186
86189
86191
86213
86214
86215
86218
86219
86223
86246
86260
86261
86263
86264
86265
86278
86279
86280
86282
86283
86286
86300
86301
86305
86307
86309
86310
86324
86326
86327
86328
86329
86330
86331
86332
86333
86334
86344
86353
86354
86355
86356
86357
86359
86360
86361
86362
86378
86380
86382
86386
86387
86388
86390
86391
86392
86393
86394
86395
86419
86422
86438
86439
86440
86452
86456
86476
86480
86484
86493
86495
86496
;2023-05-25 (목) 13:57:25
86507
86509
86510
86512
86513
86534
86535
86536
86537
86541
86542
86554
86555
86560
86561
86572
86573
86578
86588
86592
86593
86594
86597
86598
86599
86613
86614
86646
86685
86686
86705
86711
86721
86724
86725
86737
86738
86739
86741
86743
86749
86750
86751
86752
86754
86755
86757
86761
86762
86763
86768
86772
86775
86776
86777
86778
86780
86781
86808
86809
86813
86814
86820
86821
86832
86833
86834
86839
86840
86841
86872
86892
86895
86901
86902
86903
86913
86926
86961
86962
86969
86971
86973
86999
;2023-07-14 (금) 12:36:49
87046
87062
87063
87064
87065
87066
87067
87068
87069
87070
87073
87096
87097
87099
87101
87102
87103
87104
87109
87112
87117
87118
87119
87120
87122
87124
87132
87133
87134
87137
87138
87139
87141
87142
87143
87144
87149
87151
87152
87153
87154
87159
87160
87162
87164
87170
87171
87207
87229
87233
87234
87235
87236
87239
87249
87260
87261
87262
87263
87269
87274
87290
87308
87342
87344
87345
87346
87347
87349
87362
87377
87382
87389
87390
87408
87447
87449
87450
87457
87458
87459
87460
87461
87462
87463
87464
87465
87467
87475
87476
87477
87478
87479
87480
87481
87483
87484
87488
87489
87490
87491
87540
87546
87560
87580
87587
87688
87738
87795
87800
87830
87831
87852
87860
87861
87862
87916
87917
87947
87949
87952
87953
87972
87973
87985
87996
87997
87998
87999
;2023-10-11 (수) 22:03:36
88028
88029
88030
88044
88045
88046
88047
88052
88066
88068
88089
88224
88239
88240
88249
88262
88263
88264
88266
88280
88288
88289
88290
88291
88292
88293
88299
88305
88310
88311
88312
88328
88329
88330
88331
88332
88333
88334
88362
88363
88398
88420
88427
88464
88489
88490
88508
88547
88555
88597
88598
88599
88620
88671
88717
88729
88732
88733
88746
88768
88784
88785
88801
88824
88888
88952
88978
88979
88980
88981
88982
88983
88985
88986
88987
88990
88998
89000
89001
89004
89008
89010
89029
89050
89149
89150
89151
89152
89171
89198
89199
89202
89203
89211
89223
89228
89248
89257
89355
89356
89357
89447
89465
;2023-10-31 (화) 01:59:09
89626
89632
89639
89668
89689
89698
89726
89732
89793
89858
89866
89872
89873
89882
89883
89884
89885
89887
89888
89895
89898
89899
89902
89906
89907
89908
89916
89929
89940
89941
89944
89949
89950
89957
;2023-11-29 (수) 02:16:41
90005
90007
90017
90026
90027
90031
90042
90059
90060
90079
90083
90116
90182
90206
90220
90232
90233
90239
90240
90256
90257
90268
90269
90272
90273
90275
90281
90295
90373
90374
90375
90376
90383
90385
90386
90389
90403
90430
90443
90444
90445
90446
90447
90448
90449
90450
90451
90452
90453
90454
90459
90460
90492
90497
